[27-Jan-2022 22:24:57 UTC] PHP Parse error:  syntax error, unexpected '?', expecting end of file in C:\Users\jason\Local Sites\ist-363-spotify\app\public\wp-content\themes\spotify\index.php on line 16
[08-Feb-2022 00:07:33 UTC] PHP Parse error:  syntax error, unexpected end of file in C:\Users\jason\Local Sites\ist-363-spotify\app\public\wp-content\themes\spotify\functions.php on line 2
[08-Feb-2022 00:07:33 UTC] PHP Parse error:  syntax error, unexpected end of file in C:\Users\jason\Local Sites\ist-363-spotify\app\public\wp-content\themes\spotify\functions.php on line 2
[08-Feb-2022 23:17:52 UTC] PHP Parse error:  syntax error, unexpected end of file in C:\Users\jason\Local Sites\ist-363-spotify\app\public\wp-content\themes\spotify\search.php on line 13
[08-Feb-2022 23:18:13 UTC] PHP Parse error:  syntax error, unexpected end of file in C:\Users\jason\Local Sites\ist-363-spotify\app\public\wp-content\themes\spotify\search.php on line 12
[15-Feb-2022 23:00:28 UTC] PHP Parse error:  syntax error, unexpected '<' in C:\Users\jason\Local Sites\ist-363-spotify\app\public\wp-content\themes\spotify\single-albums.php on line 5
[15-Feb-2022 23:29:10 UTC] PHP Parse error:  syntax error, unexpected ';', expecting ')' in C:\Users\jason\Local Sites\ist-363-spotify\app\public\wp-content\themes\spotify\single-artists.php on line 5
[15-Feb-2022 23:29:47 UTC] PHP Warning:  Invalid argument supplied for foreach() in C:\Users\jason\Local Sites\ist-363-spotify\app\public\wp-content\themes\spotify\single-artists.php on line 12
[15-Feb-2022 23:29:47 UTC] PHP Stack trace:
[15-Feb-2022 23:29:47 UTC] PHP   1. {main}() C:\Users\jason\Local Sites\ist-363-spotify\app\public\index.php:0
[15-Feb-2022 23:29:47 UTC] PHP   2. require() C:\Users\jason\Local Sites\ist-363-spotify\app\public\index.php:17
[15-Feb-2022 23:29:47 UTC] PHP   3. require_once() C:\Users\jason\Local Sites\ist-363-spotify\app\public\wp-blog-header.php:19
[15-Feb-2022 23:29:47 UTC] PHP   4. include() C:\Users\jason\Local Sites\ist-363-spotify\app\public\wp-includes\template-loader.php:106
[15-Feb-2022 23:31:10 UTC] PHP Warning:  Invalid argument supplied for foreach() in C:\Users\jason\Local Sites\ist-363-spotify\app\public\wp-content\themes\spotify\single-artists.php on line 12
[15-Feb-2022 23:31:10 UTC] PHP Stack trace:
[15-Feb-2022 23:31:10 UTC] PHP   1. {main}() C:\Users\jason\Local Sites\ist-363-spotify\app\public\index.php:0
[15-Feb-2022 23:31:10 UTC] PHP   2. require() C:\Users\jason\Local Sites\ist-363-spotify\app\public\index.php:17
[15-Feb-2022 23:31:10 UTC] PHP   3. require_once() C:\Users\jason\Local Sites\ist-363-spotify\app\public\wp-blog-header.php:19
[15-Feb-2022 23:31:10 UTC] PHP   4. include() C:\Users\jason\Local Sites\ist-363-spotify\app\public\wp-includes\template-loader.php:106
[15-Feb-2022 23:31:55 UTC] PHP Warning:  Invalid argument supplied for foreach() in C:\Users\jason\Local Sites\ist-363-spotify\app\public\wp-content\themes\spotify\single-artists.php on line 12
[15-Feb-2022 23:31:55 UTC] PHP Stack trace:
[15-Feb-2022 23:31:55 UTC] PHP   1. {main}() C:\Users\jason\Local Sites\ist-363-spotify\app\public\index.php:0
[15-Feb-2022 23:31:55 UTC] PHP   2. require() C:\Users\jason\Local Sites\ist-363-spotify\app\public\index.php:17
[15-Feb-2022 23:31:55 UTC] PHP   3. require_once() C:\Users\jason\Local Sites\ist-363-spotify\app\public\wp-blog-header.php:19
[15-Feb-2022 23:31:55 UTC] PHP   4. include() C:\Users\jason\Local Sites\ist-363-spotify\app\public\wp-includes\template-loader.php:106
[16-Feb-2022 00:17:04 UTC] PHP Warning:  Invalid argument supplied for foreach() in C:\Users\jason\Local Sites\ist-363-spotify\app\public\wp-content\themes\spotify\single-artists.php on line 12
[16-Feb-2022 00:17:04 UTC] PHP Stack trace:
[16-Feb-2022 00:17:04 UTC] PHP   1. {main}() C:\Users\jason\Local Sites\ist-363-spotify\app\public\index.php:0
[16-Feb-2022 00:17:04 UTC] PHP   2. require() C:\Users\jason\Local Sites\ist-363-spotify\app\public\index.php:17
[16-Feb-2022 00:17:04 UTC] PHP   3. require_once() C:\Users\jason\Local Sites\ist-363-spotify\app\public\wp-blog-header.php:19
[16-Feb-2022 00:17:04 UTC] PHP   4. include() C:\Users\jason\Local Sites\ist-363-spotify\app\public\wp-includes\template-loader.php:106
[16-Feb-2022 00:19:11 UTC] PHP Warning:  Invalid argument supplied for foreach() in C:\Users\jason\Local Sites\ist-363-spotify\app\public\wp-content\themes\spotify\single-artists.php on line 16
[16-Feb-2022 00:19:11 UTC] PHP Stack trace:
[16-Feb-2022 00:19:11 UTC] PHP   1. {main}() C:\Users\jason\Local Sites\ist-363-spotify\app\public\index.php:0
[16-Feb-2022 00:19:11 UTC] PHP   2. require() C:\Users\jason\Local Sites\ist-363-spotify\app\public\index.php:17
[16-Feb-2022 00:19:11 UTC] PHP   3. require_once() C:\Users\jason\Local Sites\ist-363-spotify\app\public\wp-blog-header.php:19
[16-Feb-2022 00:19:11 UTC] PHP   4. include() C:\Users\jason\Local Sites\ist-363-spotify\app\public\wp-includes\template-loader.php:106
[16-Feb-2022 00:19:48 UTC] PHP Warning:  Invalid argument supplied for foreach() in C:\Users\jason\Local Sites\ist-363-spotify\app\public\wp-content\themes\spotify\single-artists.php on line 16
[16-Feb-2022 00:19:48 UTC] PHP Stack trace:
[16-Feb-2022 00:19:48 UTC] PHP   1. {main}() C:\Users\jason\Local Sites\ist-363-spotify\app\public\index.php:0
[16-Feb-2022 00:19:48 UTC] PHP   2. require() C:\Users\jason\Local Sites\ist-363-spotify\app\public\index.php:17
[16-Feb-2022 00:19:48 UTC] PHP   3. require_once() C:\Users\jason\Local Sites\ist-363-spotify\app\public\wp-blog-header.php:19
[16-Feb-2022 00:19:48 UTC] PHP   4. include() C:\Users\jason\Local Sites\ist-363-spotify\app\public\wp-includes\template-loader.php:106
[16-Feb-2022 00:20:25 UTC] PHP Warning:  Invalid argument supplied for foreach() in C:\Users\jason\Local Sites\ist-363-spotify\app\public\wp-content\themes\spotify\single-artists.php on line 12
[16-Feb-2022 00:20:25 UTC] PHP Stack trace:
[16-Feb-2022 00:20:25 UTC] PHP   1. {main}() C:\Users\jason\Local Sites\ist-363-spotify\app\public\index.php:0
[16-Feb-2022 00:20:25 UTC] PHP   2. require() C:\Users\jason\Local Sites\ist-363-spotify\app\public\index.php:17
[16-Feb-2022 00:20:25 UTC] PHP   3. require_once() C:\Users\jason\Local Sites\ist-363-spotify\app\public\wp-blog-header.php:19
[16-Feb-2022 00:20:25 UTC] PHP   4. include() C:\Users\jason\Local Sites\ist-363-spotify\app\public\wp-includes\template-loader.php:106
[16-Feb-2022 00:22:01 UTC] PHP Warning:  Invalid argument supplied for foreach() in C:\Users\jason\Local Sites\ist-363-spotify\app\public\wp-content\themes\spotify\single-artists.php on line 12
[16-Feb-2022 00:22:01 UTC] PHP Stack trace:
[16-Feb-2022 00:22:01 UTC] PHP   1. {main}() C:\Users\jason\Local Sites\ist-363-spotify\app\public\index.php:0
[16-Feb-2022 00:22:01 UTC] PHP   2. require() C:\Users\jason\Local Sites\ist-363-spotify\app\public\index.php:17
[16-Feb-2022 00:22:01 UTC] PHP   3. require_once() C:\Users\jason\Local Sites\ist-363-spotify\app\public\wp-blog-header.php:19
[16-Feb-2022 00:22:01 UTC] PHP   4. include() C:\Users\jason\Local Sites\ist-363-spotify\app\public\wp-includes\template-loader.php:106
[17-Feb-2022 22:46:07 UTC] PHP Parse error:  syntax error, unexpected 'endwhile' (T_ENDWHILE) in C:\Users\jason\Local Sites\ist-363-spotify\app\public\wp-content\themes\spotify\single-artists.php on line 24
[22-Feb-2022 22:40:54 UTC] PHP Parse error:  syntax error, unexpected 'endwhile' (T_ENDWHILE), expecting end of file in C:\Users\jason\Local Sites\ist-363-spotify\app\public\wp-content\themes\spotify\single-songs.php on line 42
[22-Feb-2022 22:44:49 UTC] PHP Warning:  Invalid argument supplied for foreach() in C:\Users\jason\Local Sites\ist-363-spotify\app\public\wp-content\themes\spotify\single-songs.php on line 27
[22-Feb-2022 22:44:49 UTC] PHP Stack trace:
[22-Feb-2022 22:44:49 UTC] PHP   1. {main}() C:\Users\jason\Local Sites\ist-363-spotify\app\public\index.php:0
[22-Feb-2022 22:44:49 UTC] PHP   2. require() C:\Users\jason\Local Sites\ist-363-spotify\app\public\index.php:17
[22-Feb-2022 22:44:49 UTC] PHP   3. require_once() C:\Users\jason\Local Sites\ist-363-spotify\app\public\wp-blog-header.php:19
[22-Feb-2022 22:44:49 UTC] PHP   4. include() C:\Users\jason\Local Sites\ist-363-spotify\app\public\wp-includes\template-loader.php:106
[22-Feb-2022 22:46:56 UTC] PHP Warning:  Invalid argument supplied for foreach() in C:\Users\jason\Local Sites\ist-363-spotify\app\public\wp-content\themes\spotify\single-songs.php on line 32
[22-Feb-2022 22:46:56 UTC] PHP Stack trace:
[22-Feb-2022 22:46:56 UTC] PHP   1. {main}() C:\Users\jason\Local Sites\ist-363-spotify\app\public\index.php:0
[22-Feb-2022 22:46:56 UTC] PHP   2. require() C:\Users\jason\Local Sites\ist-363-spotify\app\public\index.php:17
[22-Feb-2022 22:46:56 UTC] PHP   3. require_once() C:\Users\jason\Local Sites\ist-363-spotify\app\public\wp-blog-header.php:19
[22-Feb-2022 22:46:56 UTC] PHP   4. include() C:\Users\jason\Local Sites\ist-363-spotify\app\public\wp-includes\template-loader.php:106
[22-Feb-2022 22:46:57 UTC] PHP Warning:  Invalid argument supplied for foreach() in C:\Users\jason\Local Sites\ist-363-spotify\app\public\wp-content\themes\spotify\single-songs.php on line 32
[22-Feb-2022 22:46:57 UTC] PHP Stack trace:
[22-Feb-2022 22:46:57 UTC] PHP   1. {main}() C:\Users\jason\Local Sites\ist-363-spotify\app\public\index.php:0
[22-Feb-2022 22:46:57 UTC] PHP   2. require() C:\Users\jason\Local Sites\ist-363-spotify\app\public\index.php:17
[22-Feb-2022 22:46:57 UTC] PHP   3. require_once() C:\Users\jason\Local Sites\ist-363-spotify\app\public\wp-blog-header.php:19
[22-Feb-2022 22:46:57 UTC] PHP   4. include() C:\Users\jason\Local Sites\ist-363-spotify\app\public\wp-includes\template-loader.php:106
[22-Feb-2022 22:46:59 UTC] PHP Warning:  Invalid argument supplied for foreach() in C:\Users\jason\Local Sites\ist-363-spotify\app\public\wp-content\themes\spotify\single-songs.php on line 32
[22-Feb-2022 22:46:59 UTC] PHP Stack trace:
[22-Feb-2022 22:46:59 UTC] PHP   1. {main}() C:\Users\jason\Local Sites\ist-363-spotify\app\public\index.php:0
[22-Feb-2022 22:46:59 UTC] PHP   2. require() C:\Users\jason\Local Sites\ist-363-spotify\app\public\index.php:17
[22-Feb-2022 22:46:59 UTC] PHP   3. require_once() C:\Users\jason\Local Sites\ist-363-spotify\app\public\wp-blog-header.php:19
[22-Feb-2022 22:46:59 UTC] PHP   4. include() C:\Users\jason\Local Sites\ist-363-spotify\app\public\wp-includes\template-loader.php:106
[22-Feb-2022 22:47:00 UTC] PHP Warning:  Invalid argument supplied for foreach() in C:\Users\jason\Local Sites\ist-363-spotify\app\public\wp-content\themes\spotify\single-songs.php on line 32
[22-Feb-2022 22:47:00 UTC] PHP Stack trace:
[22-Feb-2022 22:47:00 UTC] PHP   1. {main}() C:\Users\jason\Local Sites\ist-363-spotify\app\public\index.php:0
[22-Feb-2022 22:47:00 UTC] PHP   2. require() C:\Users\jason\Local Sites\ist-363-spotify\app\public\index.php:17
[22-Feb-2022 22:47:00 UTC] PHP   3. require_once() C:\Users\jason\Local Sites\ist-363-spotify\app\public\wp-blog-header.php:19
[22-Feb-2022 22:47:00 UTC] PHP   4. include() C:\Users\jason\Local Sites\ist-363-spotify\app\public\wp-includes\template-loader.php:106
[22-Feb-2022 22:48:03 UTC] PHP Warning:  Invalid argument supplied for foreach() in C:\Users\jason\Local Sites\ist-363-spotify\app\public\wp-content\themes\spotify\single-songs.php on line 32
[22-Feb-2022 22:48:03 UTC] PHP Stack trace:
[22-Feb-2022 22:48:03 UTC] PHP   1. {main}() C:\Users\jason\Local Sites\ist-363-spotify\app\public\index.php:0
[22-Feb-2022 22:48:03 UTC] PHP   2. require() C:\Users\jason\Local Sites\ist-363-spotify\app\public\index.php:17
[22-Feb-2022 22:48:03 UTC] PHP   3. require_once() C:\Users\jason\Local Sites\ist-363-spotify\app\public\wp-blog-header.php:19
[22-Feb-2022 22:48:03 UTC] PHP   4. include() C:\Users\jason\Local Sites\ist-363-spotify\app\public\wp-includes\template-loader.php:106
[22-Feb-2022 22:48:05 UTC] PHP Warning:  Invalid argument supplied for foreach() in C:\Users\jason\Local Sites\ist-363-spotify\app\public\wp-content\themes\spotify\single-songs.php on line 32
[22-Feb-2022 22:48:05 UTC] PHP Stack trace:
[22-Feb-2022 22:48:05 UTC] PHP   1. {main}() C:\Users\jason\Local Sites\ist-363-spotify\app\public\index.php:0
[22-Feb-2022 22:48:05 UTC] PHP   2. require() C:\Users\jason\Local Sites\ist-363-spotify\app\public\index.php:17
[22-Feb-2022 22:48:05 UTC] PHP   3. require_once() C:\Users\jason\Local Sites\ist-363-spotify\app\public\wp-blog-header.php:19
[22-Feb-2022 22:48:05 UTC] PHP   4. include() C:\Users\jason\Local Sites\ist-363-spotify\app\public\wp-includes\template-loader.php:106
[22-Feb-2022 22:48:05 UTC] PHP Warning:  Invalid argument supplied for foreach() in C:\Users\jason\Local Sites\ist-363-spotify\app\public\wp-content\themes\spotify\single-songs.php on line 32
[22-Feb-2022 22:48:05 UTC] PHP Stack trace:
[22-Feb-2022 22:48:05 UTC] PHP   1. {main}() C:\Users\jason\Local Sites\ist-363-spotify\app\public\index.php:0
[22-Feb-2022 22:48:05 UTC] PHP   2. require() C:\Users\jason\Local Sites\ist-363-spotify\app\public\index.php:17
[22-Feb-2022 22:48:05 UTC] PHP   3. require_once() C:\Users\jason\Local Sites\ist-363-spotify\app\public\wp-blog-header.php:19
[22-Feb-2022 22:48:05 UTC] PHP   4. include() C:\Users\jason\Local Sites\ist-363-spotify\app\public\wp-includes\template-loader.php:106
[22-Feb-2022 22:48:59 UTC] PHP Warning:  Invalid argument supplied for foreach() in C:\Users\jason\Local Sites\ist-363-spotify\app\public\wp-content\themes\spotify\single-songs.php on line 32
[22-Feb-2022 22:48:59 UTC] PHP Stack trace:
[22-Feb-2022 22:48:59 UTC] PHP   1. {main}() C:\Users\jason\Local Sites\ist-363-spotify\app\public\index.php:0
[22-Feb-2022 22:48:59 UTC] PHP   2. require() C:\Users\jason\Local Sites\ist-363-spotify\app\public\index.php:17
[22-Feb-2022 22:48:59 UTC] PHP   3. require_once() C:\Users\jason\Local Sites\ist-363-spotify\app\public\wp-blog-header.php:19
[22-Feb-2022 22:48:59 UTC] PHP   4. include() C:\Users\jason\Local Sites\ist-363-spotify\app\public\wp-includes\template-loader.php:106
[22-Feb-2022 22:49:05 UTC] PHP Warning:  Invalid argument supplied for foreach() in C:\Users\jason\Local Sites\ist-363-spotify\app\public\wp-content\themes\spotify\single-songs.php on line 32
[22-Feb-2022 22:49:05 UTC] PHP Stack trace:
[22-Feb-2022 22:49:05 UTC] PHP   1. {main}() C:\Users\jason\Local Sites\ist-363-spotify\app\public\index.php:0
[22-Feb-2022 22:49:05 UTC] PHP   2. require() C:\Users\jason\Local Sites\ist-363-spotify\app\public\index.php:17
[22-Feb-2022 22:49:05 UTC] PHP   3. require_once() C:\Users\jason\Local Sites\ist-363-spotify\app\public\wp-blog-header.php:19
[22-Feb-2022 22:49:05 UTC] PHP   4. include() C:\Users\jason\Local Sites\ist-363-spotify\app\public\wp-includes\template-loader.php:106
[22-Feb-2022 22:50:40 UTC] PHP Parse error:  syntax error, unexpected 'endwhile' (T_ENDWHILE), expecting end of file in C:\Users\jason\Local Sites\ist-363-spotify\app\public\wp-content\themes\spotify\single-songs.php on line 47
[22-Feb-2022 22:53:01 UTC] PHP Warning:  Invalid argument supplied for foreach() in C:\Users\jason\Local Sites\ist-363-spotify\app\public\wp-content\themes\spotify\single-albums.php on line 40
[22-Feb-2022 22:53:01 UTC] PHP Stack trace:
[22-Feb-2022 22:53:01 UTC] PHP   1. {main}() C:\Users\jason\Local Sites\ist-363-spotify\app\public\index.php:0
[22-Feb-2022 22:53:01 UTC] PHP   2. require() C:\Users\jason\Local Sites\ist-363-spotify\app\public\index.php:17
[22-Feb-2022 22:53:01 UTC] PHP   3. require_once() C:\Users\jason\Local Sites\ist-363-spotify\app\public\wp-blog-header.php:19
[22-Feb-2022 22:53:01 UTC] PHP   4. include() C:\Users\jason\Local Sites\ist-363-spotify\app\public\wp-includes\template-loader.php:106
[22-Feb-2022 22:53:03 UTC] PHP Warning:  Invalid argument supplied for foreach() in C:\Users\jason\Local Sites\ist-363-spotify\app\public\wp-content\themes\spotify\single-albums.php on line 40
[22-Feb-2022 22:53:03 UTC] PHP Stack trace:
[22-Feb-2022 22:53:03 UTC] PHP   1. {main}() C:\Users\jason\Local Sites\ist-363-spotify\app\public\index.php:0
[22-Feb-2022 22:53:03 UTC] PHP   2. require() C:\Users\jason\Local Sites\ist-363-spotify\app\public\index.php:17
[22-Feb-2022 22:53:03 UTC] PHP   3. require_once() C:\Users\jason\Local Sites\ist-363-spotify\app\public\wp-blog-header.php:19
[22-Feb-2022 22:53:03 UTC] PHP   4. include() C:\Users\jason\Local Sites\ist-363-spotify\app\public\wp-includes\template-loader.php:106
[12-Apr-2022 21:58:17 UTC] PHP Warning:  include(partials/player.php): failed to open stream: No such file or directory in C:\Users\jason\Local Sites\ist-363-spotify\app\public\wp-content\themes\spotify\index.php on line 3
[12-Apr-2022 21:58:17 UTC] PHP Stack trace:
[12-Apr-2022 21:58:17 UTC] PHP   1. {main}() C:\Users\jason\Local Sites\ist-363-spotify\app\public\index.php:0
[12-Apr-2022 21:58:17 UTC] PHP   2. require() C:\Users\jason\Local Sites\ist-363-spotify\app\public\index.php:17
[12-Apr-2022 21:58:17 UTC] PHP   3. require_once() C:\Users\jason\Local Sites\ist-363-spotify\app\public\wp-blog-header.php:19
[12-Apr-2022 21:58:17 UTC] PHP   4. include() C:\Users\jason\Local Sites\ist-363-spotify\app\public\wp-includes\template-loader.php:106
[12-Apr-2022 21:58:17 UTC] PHP Warning:  include(): Failed opening 'partials/player.php' for inclusion (include_path='.:/usr/share/php:/www/wp-content/pear') in C:\Users\jason\Local Sites\ist-363-spotify\app\public\wp-content\themes\spotify\index.php on line 3
[12-Apr-2022 21:58:17 UTC] PHP Stack trace:
[12-Apr-2022 21:58:17 UTC] PHP   1. {main}() C:\Users\jason\Local Sites\ist-363-spotify\app\public\index.php:0
[12-Apr-2022 21:58:17 UTC] PHP   2. require() C:\Users\jason\Local Sites\ist-363-spotify\app\public\index.php:17
[12-Apr-2022 21:58:17 UTC] PHP   3. require_once() C:\Users\jason\Local Sites\ist-363-spotify\app\public\wp-blog-header.php:19
[12-Apr-2022 21:58:17 UTC] PHP   4. include() C:\Users\jason\Local Sites\ist-363-spotify\app\public\wp-includes\template-loader.php:106
[12-May-2022 03:18:22 UTC] PHP Warning:  Failed loading Zend extension 'php_opcache.dll' (tried: C:/Users/jason/AppData/Local/Programs/Local/resources/extraResources/lightning-services/php-7.4.1+16/bin/win64/ext\php_opcache.dll (The specified module could not be found.), C:/Users/jason/AppData/Local/Programs/Local/resources/extraResources/lightning-services/php-7.4.1+16/bin/win64/ext\php_php_opcache.dll.dll (The specified module could not be found.)) in Unknown on line 0
[12-May-2022 03:18:22 UTC] PHP Warning:  Failed loading Zend extension 'php_xdebug.dll' (tried: C:/Users/jason/AppData/Local/Programs/Local/resources/extraResources/lightning-services/php-7.4.1+16/bin/win64/ext\php_xdebug.dll (The specified module could not be found.), C:/Users/jason/AppData/Local/Programs/Local/resources/extraResources/lightning-services/php-7.4.1+16/bin/win64/ext\php_php_xdebug.dll.dll (The specified module could not be found.)) in Unknown on line 0
[12-May-2022 03:18:22 UTC] PHP Warning:  PHP Startup: Unable to load dynamic library 'php_curl.dll' (tried: C:/Users/jason/AppData/Local/Programs/Local/resources/extraResources/lightning-services/php-7.4.1+16/bin/win64/ext\php_curl.dll (The specified module could not be found.), C:/Users/jason/AppData/Local/Programs/Local/resources/extraResources/lightning-services/php-7.4.1+16/bin/win64/ext\php_php_curl.dll.dll (The specified module could not be found.)) in Unknown on line 0
[12-May-2022 03:18:22 UTC] PHP Warning:  PHP Startup: Unable to load dynamic library 'php_gettext.dll' (tried: C:/Users/jason/AppData/Local/Programs/Local/resources/extraResources/lightning-services/php-7.4.1+16/bin/win64/ext\php_gettext.dll (The specified module could not be found.), C:/Users/jason/AppData/Local/Programs/Local/resources/extraResources/lightning-services/php-7.4.1+16/bin/win64/ext\php_php_gettext.dll.dll (The specified module could not be found.)) in Unknown on line 0
[12-May-2022 03:18:22 UTC] PHP Warning:  PHP Startup: Unable to load dynamic library 'php_openssl.dll' (tried: C:/Users/jason/AppData/Local/Programs/Local/resources/extraResources/lightning-services/php-7.4.1+16/bin/win64/ext\php_openssl.dll (The specified module could not be found.), C:/Users/jason/AppData/Local/Programs/Local/resources/extraResources/lightning-services/php-7.4.1+16/bin/win64/ext\php_php_openssl.dll.dll (The specified module could not be found.)) in Unknown on line 0
[12-May-2022 03:18:22 UTC] PHP Warning:  PHP Startup: Unable to load dynamic library 'php_exif.dll' (tried: C:/Users/jason/AppData/Local/Programs/Local/resources/extraResources/lightning-services/php-7.4.1+16/bin/win64/ext\php_exif.dll (The specified module could not be found.), C:/Users/jason/AppData/Local/Programs/Local/resources/extraResources/lightning-services/php-7.4.1+16/bin/win64/ext\php_php_exif.dll.dll (The specified module could not be found.)) in Unknown on line 0
[12-May-2022 03:18:22 UTC] PHP Warning:  PHP Startup: Unable to load dynamic library 'php_gd2.dll' (tried: C:/Users/jason/AppData/Local/Programs/Local/resources/extraResources/lightning-services/php-7.4.1+16/bin/win64/ext\php_gd2.dll (The specified module could not be found.), C:/Users/jason/AppData/Local/Programs/Local/resources/extraResources/lightning-services/php-7.4.1+16/bin/win64/ext\php_php_gd2.dll.dll (The specified module could not be found.)) in Unknown on line 0
[12-May-2022 03:18:22 UTC] PHP Warning:  PHP Startup: Unable to load dynamic library 'php_ftp.dll' (tried: C:/Users/jason/AppData/Local/Programs/Local/resources/extraResources/lightning-services/php-7.4.1+16/bin/win64/ext\php_ftp.dll (The specified module could not be found.), C:/Users/jason/AppData/Local/Programs/Local/resources/extraResources/lightning-services/php-7.4.1+16/bin/win64/ext\php_php_ftp.dll.dll (The specified module could not be found.)) in Unknown on line 0
[12-May-2022 03:18:22 UTC] PHP Warning:  PHP Startup: Unable to load dynamic library 'php_imap.dll' (tried: C:/Users/jason/AppData/Local/Programs/Local/resources/extraResources/lightning-services/php-7.4.1+16/bin/win64/ext\php_imap.dll (The specified module could not be found.), C:/Users/jason/AppData/Local/Programs/Local/resources/extraResources/lightning-services/php-7.4.1+16/bin/win64/ext\php_php_imap.dll.dll (The specified module could not be found.)) in Unknown on line 0
[12-May-2022 03:18:22 UTC] PHP Warning:  PHP Startup: Unable to load dynamic library 'php_bz2.dll' (tried: C:/Users/jason/AppData/Local/Programs/Local/resources/extraResources/lightning-services/php-7.4.1+16/bin/win64/ext\php_bz2.dll (The specified module could not be found.), C:/Users/jason/AppData/Local/Programs/Local/resources/extraResources/lightning-services/php-7.4.1+16/bin/win64/ext\php_php_bz2.dll.dll (The specified module could not be found.)) in Unknown on line 0
[12-May-2022 03:18:22 UTC] PHP Warning:  PHP Startup: Unable to load dynamic library 'php_mbstring.dll' (tried: C:/Users/jason/AppData/Local/Programs/Local/resources/extraResources/lightning-services/php-7.4.1+16/bin/win64/ext\php_mbstring.dll (The specified module could not be found.), C:/Users/jason/AppData/Local/Programs/Local/resources/extraResources/lightning-services/php-7.4.1+16/bin/win64/ext\php_php_mbstring.dll.dll (The specified module could not be found.)) in Unknown on line 0
[12-May-2022 03:18:22 UTC] PHP Warning:  PHP Startup: Unable to load dynamic library 'php_sodium.dll' (tried: C:/Users/jason/AppData/Local/Programs/Local/resources/extraResources/lightning-services/php-7.4.1+16/bin/win64/ext\php_sodium.dll (The specified module could not be found.), C:/Users/jason/AppData/Local/Programs/Local/resources/extraResources/lightning-services/php-7.4.1+16/bin/win64/ext\php_php_sodium.dll.dll (The specified module could not be found.)) in Unknown on line 0
[12-May-2022 03:18:22 UTC] PHP Warning:  PHP Startup: Unable to load dynamic library 'php_tidy.dll' (tried: C:/Users/jason/AppData/Local/Programs/Local/resources/extraResources/lightning-services/php-7.4.1+16/bin/win64/ext\php_tidy.dll (The specified module could not be found.), C:/Users/jason/AppData/Local/Programs/Local/resources/extraResources/lightning-services/php-7.4.1+16/bin/win64/ext\php_php_tidy.dll.dll (The specified module could not be found.)) in Unknown on line 0
[12-May-2022 03:18:22 UTC] PHP Warning:  PHP Startup: Unable to load dynamic library 'php_xsl.dll' (tried: C:/Users/jason/AppData/Local/Programs/Local/resources/extraResources/lightning-services/php-7.4.1+16/bin/win64/ext\php_xsl.dll (The specified module could not be found.), C:/Users/jason/AppData/Local/Programs/Local/resources/extraResources/lightning-services/php-7.4.1+16/bin/win64/ext\php_php_xsl.dll.dll (The specified module could not be found.)) in Unknown on line 0
[12-May-2022 03:18:22 UTC] PHP Warning:  PHP Startup: Unable to load dynamic library 'php_xmlrpc.dll' (tried: C:/Users/jason/AppData/Local/Programs/Local/resources/extraResources/lightning-services/php-7.4.1+16/bin/win64/ext\php_xmlrpc.dll (The specified module could not be found.), C:/Users/jason/AppData/Local/Programs/Local/resources/extraResources/lightning-services/php-7.4.1+16/bin/win64/ext\php_php_xmlrpc.dll.dll (The specified module could not be found.)) in Unknown on line 0
[12-May-2022 03:18:22 UTC] PHP Warning:  PHP Startup: Unable to load dynamic library 'php_soap.dll' (tried: C:/Users/jason/AppData/Local/Programs/Local/resources/extraResources/lightning-services/php-7.4.1+16/bin/win64/ext\php_soap.dll (The specified module could not be found.), C:/Users/jason/AppData/Local/Programs/Local/resources/extraResources/lightning-services/php-7.4.1+16/bin/win64/ext\php_php_soap.dll.dll (The specified module could not be found.)) in Unknown on line 0
[12-May-2022 03:18:22 UTC] PHP Warning:  PHP Startup: Unable to load dynamic library 'php_mysqli.dll' (tried: C:/Users/jason/AppData/Local/Programs/Local/resources/extraResources/lightning-services/php-7.4.1+16/bin/win64/ext\php_mysqli.dll (The specified module could not be found.), C:/Users/jason/AppData/Local/Programs/Local/resources/extraResources/lightning-services/php-7.4.1+16/bin/win64/ext\php_php_mysqli.dll.dll (The specified module could not be found.)) in Unknown on line 0
[12-May-2022 03:18:22 UTC] PHP Warning:  PHP Startup: Unable to load dynamic library 'php_pdo_mysql.dll' (tried: C:/Users/jason/AppData/Local/Programs/Local/resources/extraResources/lightning-services/php-7.4.1+16/bin/win64/ext\php_pdo_mysql.dll (The specified module could not be found.), C:/Users/jason/AppData/Local/Programs/Local/resources/extraResources/lightning-services/php-7.4.1+16/bin/win64/ext\php_php_pdo_mysql.dll.dll (The specified module could not be found.)) in Unknown on line 0
[12-May-2022 03:18:22 UTC] PHP Warning:  PHP Startup: Unable to load dynamic library 'php_imagick.dll' (tried: C:/Users/jason/AppData/Local/Programs/Local/resources/extraResources/lightning-services/php-7.4.1+16/bin/win64/ext\php_imagick.dll (The specified module could not be found.), C:/Users/jason/AppData/Local/Programs/Local/resources/extraResources/lightning-services/php-7.4.1+16/bin/win64/ext\php_php_imagick.dll.dll (The specified module could not be found.)) in Unknown on line 0
[12-May-2022 03:18:22 UTC] PHP Warning:  Failed loading Zend extension 'php_opcache.dll' (tried: C:/Users/jason/AppData/Local/Programs/Local/resources/extraResources/lightning-services/php-7.4.1+16/bin/win64/ext\php_opcache.dll (The specified module could not be found.), C:/Users/jason/AppData/Local/Programs/Local/resources/extraResources/lightning-services/php-7.4.1+16/bin/win64/ext\php_php_opcache.dll.dll (The specified module could not be found.)) in Unknown on line 0
[12-May-2022 03:18:22 UTC] PHP Warning:  Failed loading Zend extension 'php_xdebug.dll' (tried: C:/Users/jason/AppData/Local/Programs/Local/resources/extraResources/lightning-services/php-7.4.1+16/bin/win64/ext\php_xdebug.dll (The specified module could not be found.), C:/Users/jason/AppData/Local/Programs/Local/resources/extraResources/lightning-services/php-7.4.1+16/bin/win64/ext\php_php_xdebug.dll.dll (The specified module could not be found.)) in Unknown on line 0
[12-May-2022 03:18:22 UTC] PHP Warning:  PHP Startup: Unable to load dynamic library 'php_curl.dll' (tried: C:/Users/jason/AppData/Local/Programs/Local/resources/extraResources/lightning-services/php-7.4.1+16/bin/win64/ext\php_curl.dll (The specified module could not be found.), C:/Users/jason/AppData/Local/Programs/Local/resources/extraResources/lightning-services/php-7.4.1+16/bin/win64/ext\php_php_curl.dll.dll (The specified module could not be found.)) in Unknown on line 0
[12-May-2022 03:18:22 UTC] PHP Warning:  PHP Startup: Unable to load dynamic library 'php_gettext.dll' (tried: C:/Users/jason/AppData/Local/Programs/Local/resources/extraResources/lightning-services/php-7.4.1+16/bin/win64/ext\php_gettext.dll (The specified module could not be found.), C:/Users/jason/AppData/Local/Programs/Local/resources/extraResources/lightning-services/php-7.4.1+16/bin/win64/ext\php_php_gettext.dll.dll (The specified module could not be found.)) in Unknown on line 0
[12-May-2022 03:18:22 UTC] PHP Warning:  PHP Startup: Unable to load dynamic library 'php_openssl.dll' (tried: C:/Users/jason/AppData/Local/Programs/Local/resources/extraResources/lightning-services/php-7.4.1+16/bin/win64/ext\php_openssl.dll (The specified module could not be found.), C:/Users/jason/AppData/Local/Programs/Local/resources/extraResources/lightning-services/php-7.4.1+16/bin/win64/ext\php_php_openssl.dll.dll (The specified module could not be found.)) in Unknown on line 0
[12-May-2022 03:18:22 UTC] PHP Warning:  PHP Startup: Unable to load dynamic library 'php_exif.dll' (tried: C:/Users/jason/AppData/Local/Programs/Local/resources/extraResources/lightning-services/php-7.4.1+16/bin/win64/ext\php_exif.dll (The specified module could not be found.), C:/Users/jason/AppData/Local/Programs/Local/resources/extraResources/lightning-services/php-7.4.1+16/bin/win64/ext\php_php_exif.dll.dll (The specified module could not be found.)) in Unknown on line 0
[12-May-2022 03:18:22 UTC] PHP Warning:  PHP Startup: Unable to load dynamic library 'php_gd2.dll' (tried: C:/Users/jason/AppData/Local/Programs/Local/resources/extraResources/lightning-services/php-7.4.1+16/bin/win64/ext\php_gd2.dll (The specified module could not be found.), C:/Users/jason/AppData/Local/Programs/Local/resources/extraResources/lightning-services/php-7.4.1+16/bin/win64/ext\php_php_gd2.dll.dll (The specified module could not be found.)) in Unknown on line 0
[12-May-2022 03:18:22 UTC] PHP Warning:  PHP Startup: Unable to load dynamic library 'php_ftp.dll' (tried: C:/Users/jason/AppData/Local/Programs/Local/resources/extraResources/lightning-services/php-7.4.1+16/bin/win64/ext\php_ftp.dll (The specified module could not be found.), C:/Users/jason/AppData/Local/Programs/Local/resources/extraResources/lightning-services/php-7.4.1+16/bin/win64/ext\php_php_ftp.dll.dll (The specified module could not be found.)) in Unknown on line 0
[12-May-2022 03:18:22 UTC] PHP Warning:  PHP Startup: Unable to load dynamic library 'php_imap.dll' (tried: C:/Users/jason/AppData/Local/Programs/Local/resources/extraResources/lightning-services/php-7.4.1+16/bin/win64/ext\php_imap.dll (The specified module could not be found.), C:/Users/jason/AppData/Local/Programs/Local/resources/extraResources/lightning-services/php-7.4.1+16/bin/win64/ext\php_php_imap.dll.dll (The specified module could not be found.)) in Unknown on line 0
[12-May-2022 03:18:22 UTC] PHP Warning:  PHP Startup: Unable to load dynamic library 'php_bz2.dll' (tried: C:/Users/jason/AppData/Local/Programs/Local/resources/extraResources/lightning-services/php-7.4.1+16/bin/win64/ext\php_bz2.dll (The specified module could not be found.), C:/Users/jason/AppData/Local/Programs/Local/resources/extraResources/lightning-services/php-7.4.1+16/bin/win64/ext\php_php_bz2.dll.dll (The specified module could not be found.)) in Unknown on line 0
[12-May-2022 03:18:22 UTC] PHP Warning:  PHP Startup: Unable to load dynamic library 'php_mbstring.dll' (tried: C:/Users/jason/AppData/Local/Programs/Local/resources/extraResources/lightning-services/php-7.4.1+16/bin/win64/ext\php_mbstring.dll (The specified module could not be found.), C:/Users/jason/AppData/Local/Programs/Local/resources/extraResources/lightning-services/php-7.4.1+16/bin/win64/ext\php_php_mbstring.dll.dll (The specified module could not be found.)) in Unknown on line 0
[12-May-2022 03:18:22 UTC] PHP Warning:  PHP Startup: Unable to load dynamic library 'php_sodium.dll' (tried: C:/Users/jason/AppData/Local/Programs/Local/resources/extraResources/lightning-services/php-7.4.1+16/bin/win64/ext\php_sodium.dll (The specified module could not be found.), C:/Users/jason/AppData/Local/Programs/Local/resources/extraResources/lightning-services/php-7.4.1+16/bin/win64/ext\php_php_sodium.dll.dll (The specified module could not be found.)) in Unknown on line 0
[12-May-2022 03:18:22 UTC] PHP Warning:  PHP Startup: Unable to load dynamic library 'php_tidy.dll' (tried: C:/Users/jason/AppData/Local/Programs/Local/resources/extraResources/lightning-services/php-7.4.1+16/bin/win64/ext\php_tidy.dll (The specified module could not be found.), C:/Users/jason/AppData/Local/Programs/Local/resources/extraResources/lightning-services/php-7.4.1+16/bin/win64/ext\php_php_tidy.dll.dll (The specified module could not be found.)) in Unknown on line 0
[12-May-2022 03:18:22 UTC] PHP Warning:  PHP Startup: Unable to load dynamic library 'php_xsl.dll' (tried: C:/Users/jason/AppData/Local/Programs/Local/resources/extraResources/lightning-services/php-7.4.1+16/bin/win64/ext\php_xsl.dll (The specified module could not be found.), C:/Users/jason/AppData/Local/Programs/Local/resources/extraResources/lightning-services/php-7.4.1+16/bin/win64/ext\php_php_xsl.dll.dll (The specified module could not be found.)) in Unknown on line 0
[12-May-2022 03:18:22 UTC] PHP Warning:  PHP Startup: Unable to load dynamic library 'php_xmlrpc.dll' (tried: C:/Users/jason/AppData/Local/Programs/Local/resources/extraResources/lightning-services/php-7.4.1+16/bin/win64/ext\php_xmlrpc.dll (The specified module could not be found.), C:/Users/jason/AppData/Local/Programs/Local/resources/extraResources/lightning-services/php-7.4.1+16/bin/win64/ext\php_php_xmlrpc.dll.dll (The specified module could not be found.)) in Unknown on line 0
[12-May-2022 03:18:22 UTC] PHP Warning:  PHP Startup: Unable to load dynamic library 'php_soap.dll' (tried: C:/Users/jason/AppData/Local/Programs/Local/resources/extraResources/lightning-services/php-7.4.1+16/bin/win64/ext\php_soap.dll (The specified module could not be found.), C:/Users/jason/AppData/Local/Programs/Local/resources/extraResources/lightning-services/php-7.4.1+16/bin/win64/ext\php_php_soap.dll.dll (The specified module could not be found.)) in Unknown on line 0
[12-May-2022 03:18:22 UTC] PHP Warning:  PHP Startup: Unable to load dynamic library 'php_mysqli.dll' (tried: C:/Users/jason/AppData/Local/Programs/Local/resources/extraResources/lightning-services/php-7.4.1+16/bin/win64/ext\php_mysqli.dll (The specified module could not be found.), C:/Users/jason/AppData/Local/Programs/Local/resources/extraResources/lightning-services/php-7.4.1+16/bin/win64/ext\php_php_mysqli.dll.dll (The specified module could not be found.)) in Unknown on line 0
[12-May-2022 03:18:22 UTC] PHP Warning:  PHP Startup: Unable to load dynamic library 'php_pdo_mysql.dll' (tried: C:/Users/jason/AppData/Local/Programs/Local/resources/extraResources/lightning-services/php-7.4.1+16/bin/win64/ext\php_pdo_mysql.dll (The specified module could not be found.), C:/Users/jason/AppData/Local/Programs/Local/resources/extraResources/lightning-services/php-7.4.1+16/bin/win64/ext\php_php_pdo_mysql.dll.dll (The specified module could not be found.)) in Unknown on line 0
[12-May-2022 03:18:22 UTC] PHP Warning:  PHP Startup: Unable to load dynamic library 'php_imagick.dll' (tried: C:/Users/jason/AppData/Local/Programs/Local/resources/extraResources/lightning-services/php-7.4.1+16/bin/win64/ext\php_imagick.dll (The specified module could not be found.), C:/Users/jason/AppData/Local/Programs/Local/resources/extraResources/lightning-services/php-7.4.1+16/bin/win64/ext\php_php_imagick.dll.dll (The specified module could not be found.)) in Unknown on line 0
[12-May-2022 03:18:23 UTC] PHP Fatal error:  Uncaught Error: Call to undefined function mysql_connect() in C:\Users\jason\Local Sites\ist-363-spotify\app\public\wp-includes\wp-db.php:1788
Stack trace:
#0 C:\Users\jason\Local Sites\ist-363-spotify\app\public\wp-includes\wp-db.php(724): wpdb->db_connect()
#1 C:\Users\jason\Local Sites\ist-363-spotify\app\public\wp-includes\load.php(561): wpdb->__construct('root', 'root', 'local', 'localhost')
#2 C:\Users\jason\Local Sites\ist-363-spotify\app\public\wp-settings.php(124): require_wp_db()
#3 phar://C:/Users/jason/AppData/Local/Programs/Local/resources/extraResources/bin/wp-cli/wp-cli.phar/vendor/wp-cli/wp-cli/php/WP_CLI/Runner.php(1317): require('C:\\Users\\jason\\...')
#4 phar://C:/Users/jason/AppData/Local/Programs/Local/resources/extraResources/bin/wp-cli/wp-cli.phar/vendor/wp-cli/wp-cli/php/WP_CLI/Runner.php(1235): WP_CLI\Runner->load_wordpress()
#5 phar://C:/Users/jason/AppData/Local/Programs/Local/resources/extraResources/bin/wp-cli/wp-cli.phar/vendor/wp-cli/wp-cli/php/WP_CLI/Bootstrap/LaunchRunner.php in C:\Users\jason\Local Sites\ist-363-spotify\app\public\wp-includes\wp-db.php on line 1788
[12-May-2022 03:18:45 UTC] PHP Warning:  Failed loading Zend extension 'php_opcache.dll' (tried: C:/Users/jason/AppData/Local/Programs/Local/resources/extraResources/lightning-services/php-7.4.1+16/bin/win64/ext\php_opcache.dll (The specified module could not be found.), C:/Users/jason/AppData/Local/Programs/Local/resources/extraResources/lightning-services/php-7.4.1+16/bin/win64/ext\php_php_opcache.dll.dll (The specified module could not be found.)) in Unknown on line 0
[12-May-2022 03:18:45 UTC] PHP Warning:  Failed loading Zend extension 'php_xdebug.dll' (tried: C:/Users/jason/AppData/Local/Programs/Local/resources/extraResources/lightning-services/php-7.4.1+16/bin/win64/ext\php_xdebug.dll (The specified module could not be found.), C:/Users/jason/AppData/Local/Programs/Local/resources/extraResources/lightning-services/php-7.4.1+16/bin/win64/ext\php_php_xdebug.dll.dll (The specified module could not be found.)) in Unknown on line 0
[12-May-2022 03:18:45 UTC] PHP Warning:  PHP Startup: Unable to load dynamic library 'php_curl.dll' (tried: C:/Users/jason/AppData/Local/Programs/Local/resources/extraResources/lightning-services/php-7.4.1+16/bin/win64/ext\php_curl.dll (The specified module could not be found.), C:/Users/jason/AppData/Local/Programs/Local/resources/extraResources/lightning-services/php-7.4.1+16/bin/win64/ext\php_php_curl.dll.dll (The specified module could not be found.)) in Unknown on line 0
[12-May-2022 03:18:45 UTC] PHP Warning:  PHP Startup: Unable to load dynamic library 'php_gettext.dll' (tried: C:/Users/jason/AppData/Local/Programs/Local/resources/extraResources/lightning-services/php-7.4.1+16/bin/win64/ext\php_gettext.dll (The specified module could not be found.), C:/Users/jason/AppData/Local/Programs/Local/resources/extraResources/lightning-services/php-7.4.1+16/bin/win64/ext\php_php_gettext.dll.dll (The specified module could not be found.)) in Unknown on line 0
[12-May-2022 03:18:45 UTC] PHP Warning:  PHP Startup: Unable to load dynamic library 'php_openssl.dll' (tried: C:/Users/jason/AppData/Local/Programs/Local/resources/extraResources/lightning-services/php-7.4.1+16/bin/win64/ext\php_openssl.dll (The specified module could not be found.), C:/Users/jason/AppData/Local/Programs/Local/resources/extraResources/lightning-services/php-7.4.1+16/bin/win64/ext\php_php_openssl.dll.dll (The specified module could not be found.)) in Unknown on line 0
[12-May-2022 03:18:45 UTC] PHP Warning:  PHP Startup: Unable to load dynamic library 'php_exif.dll' (tried: C:/Users/jason/AppData/Local/Programs/Local/resources/extraResources/lightning-services/php-7.4.1+16/bin/win64/ext\php_exif.dll (The specified module could not be found.), C:/Users/jason/AppData/Local/Programs/Local/resources/extraResources/lightning-services/php-7.4.1+16/bin/win64/ext\php_php_exif.dll.dll (The specified module could not be found.)) in Unknown on line 0
[12-May-2022 03:18:45 UTC] PHP Warning:  PHP Startup: Unable to load dynamic library 'php_gd2.dll' (tried: C:/Users/jason/AppData/Local/Programs/Local/resources/extraResources/lightning-services/php-7.4.1+16/bin/win64/ext\php_gd2.dll (The specified module could not be found.), C:/Users/jason/AppData/Local/Programs/Local/resources/extraResources/lightning-services/php-7.4.1+16/bin/win64/ext\php_php_gd2.dll.dll (The specified module could not be found.)) in Unknown on line 0
[12-May-2022 03:18:45 UTC] PHP Warning:  PHP Startup: Unable to load dynamic library 'php_ftp.dll' (tried: C:/Users/jason/AppData/Local/Programs/Local/resources/extraResources/lightning-services/php-7.4.1+16/bin/win64/ext\php_ftp.dll (The specified module could not be found.), C:/Users/jason/AppData/Local/Programs/Local/resources/extraResources/lightning-services/php-7.4.1+16/bin/win64/ext\php_php_ftp.dll.dll (The specified module could not be found.)) in Unknown on line 0
[12-May-2022 03:18:45 UTC] PHP Warning:  PHP Startup: Unable to load dynamic library 'php_imap.dll' (tried: C:/Users/jason/AppData/Local/Programs/Local/resources/extraResources/lightning-services/php-7.4.1+16/bin/win64/ext\php_imap.dll (The specified module could not be found.), C:/Users/jason/AppData/Local/Programs/Local/resources/extraResources/lightning-services/php-7.4.1+16/bin/win64/ext\php_php_imap.dll.dll (The specified module could not be found.)) in Unknown on line 0
[12-May-2022 03:18:45 UTC] PHP Warning:  PHP Startup: Unable to load dynamic library 'php_bz2.dll' (tried: C:/Users/jason/AppData/Local/Programs/Local/resources/extraResources/lightning-services/php-7.4.1+16/bin/win64/ext\php_bz2.dll (The specified module could not be found.), C:/Users/jason/AppData/Local/Programs/Local/resources/extraResources/lightning-services/php-7.4.1+16/bin/win64/ext\php_php_bz2.dll.dll (The specified module could not be found.)) in Unknown on line 0
[12-May-2022 03:18:45 UTC] PHP Warning:  PHP Startup: Unable to load dynamic library 'php_mbstring.dll' (tried: C:/Users/jason/AppData/Local/Programs/Local/resources/extraResources/lightning-services/php-7.4.1+16/bin/win64/ext\php_mbstring.dll (The specified module could not be found.), C:/Users/jason/AppData/Local/Programs/Local/resources/extraResources/lightning-services/php-7.4.1+16/bin/win64/ext\php_php_mbstring.dll.dll (The specified module could not be found.)) in Unknown on line 0
[12-May-2022 03:18:45 UTC] PHP Warning:  PHP Startup: Unable to load dynamic library 'php_sodium.dll' (tried: C:/Users/jason/AppData/Local/Programs/Local/resources/extraResources/lightning-services/php-7.4.1+16/bin/win64/ext\php_sodium.dll (The specified module could not be found.), C:/Users/jason/AppData/Local/Programs/Local/resources/extraResources/lightning-services/php-7.4.1+16/bin/win64/ext\php_php_sodium.dll.dll (The specified module could not be found.)) in Unknown on line 0
[12-May-2022 03:18:45 UTC] PHP Warning:  PHP Startup: Unable to load dynamic library 'php_tidy.dll' (tried: C:/Users/jason/AppData/Local/Programs/Local/resources/extraResources/lightning-services/php-7.4.1+16/bin/win64/ext\php_tidy.dll (The specified module could not be found.), C:/Users/jason/AppData/Local/Programs/Local/resources/extraResources/lightning-services/php-7.4.1+16/bin/win64/ext\php_php_tidy.dll.dll (The specified module could not be found.)) in Unknown on line 0
[12-May-2022 03:18:45 UTC] PHP Warning:  PHP Startup: Unable to load dynamic library 'php_xsl.dll' (tried: C:/Users/jason/AppData/Local/Programs/Local/resources/extraResources/lightning-services/php-7.4.1+16/bin/win64/ext\php_xsl.dll (The specified module could not be found.), C:/Users/jason/AppData/Local/Programs/Local/resources/extraResources/lightning-services/php-7.4.1+16/bin/win64/ext\php_php_xsl.dll.dll (The specified module could not be found.)) in Unknown on line 0
[12-May-2022 03:18:45 UTC] PHP Warning:  PHP Startup: Unable to load dynamic library 'php_xmlrpc.dll' (tried: C:/Users/jason/AppData/Local/Programs/Local/resources/extraResources/lightning-services/php-7.4.1+16/bin/win64/ext\php_xmlrpc.dll (The specified module could not be found.), C:/Users/jason/AppData/Local/Programs/Local/resources/extraResources/lightning-services/php-7.4.1+16/bin/win64/ext\php_php_xmlrpc.dll.dll (The specified module could not be found.)) in Unknown on line 0
[12-May-2022 03:18:45 UTC] PHP Warning:  PHP Startup: Unable to load dynamic library 'php_soap.dll' (tried: C:/Users/jason/AppData/Local/Programs/Local/resources/extraResources/lightning-services/php-7.4.1+16/bin/win64/ext\php_soap.dll (The specified module could not be found.), C:/Users/jason/AppData/Local/Programs/Local/resources/extraResources/lightning-services/php-7.4.1+16/bin/win64/ext\php_php_soap.dll.dll (The specified module could not be found.)) in Unknown on line 0
[12-May-2022 03:18:45 UTC] PHP Warning:  PHP Startup: Unable to load dynamic library 'php_mysqli.dll' (tried: C:/Users/jason/AppData/Local/Programs/Local/resources/extraResources/lightning-services/php-7.4.1+16/bin/win64/ext\php_mysqli.dll (The specified module could not be found.), C:/Users/jason/AppData/Local/Programs/Local/resources/extraResources/lightning-services/php-7.4.1+16/bin/win64/ext\php_php_mysqli.dll.dll (The specified module could not be found.)) in Unknown on line 0
[12-May-2022 03:18:45 UTC] PHP Warning:  PHP Startup: Unable to load dynamic library 'php_pdo_mysql.dll' (tried: C:/Users/jason/AppData/Local/Programs/Local/resources/extraResources/lightning-services/php-7.4.1+16/bin/win64/ext\php_pdo_mysql.dll (The specified module could not be found.), C:/Users/jason/AppData/Local/Programs/Local/resources/extraResources/lightning-services/php-7.4.1+16/bin/win64/ext\php_php_pdo_mysql.dll.dll (The specified module could not be found.)) in Unknown on line 0
[12-May-2022 03:18:45 UTC] PHP Warning:  PHP Startup: Unable to load dynamic library 'php_imagick.dll' (tried: C:/Users/jason/AppData/Local/Programs/Local/resources/extraResources/lightning-services/php-7.4.1+16/bin/win64/ext\php_imagick.dll (The specified module could not be found.), C:/Users/jason/AppData/Local/Programs/Local/resources/extraResources/lightning-services/php-7.4.1+16/bin/win64/ext\php_php_imagick.dll.dll (The specified module could not be found.)) in Unknown on line 0
[12-May-2022 03:18:45 UTC] PHP Warning:  Failed loading Zend extension 'php_opcache.dll' (tried: C:/Users/jason/AppData/Local/Programs/Local/resources/extraResources/lightning-services/php-7.4.1+16/bin/win64/ext\php_opcache.dll (The specified module could not be found.), C:/Users/jason/AppData/Local/Programs/Local/resources/extraResources/lightning-services/php-7.4.1+16/bin/win64/ext\php_php_opcache.dll.dll (The specified module could not be found.)) in Unknown on line 0
[12-May-2022 03:18:45 UTC] PHP Warning:  Failed loading Zend extension 'php_xdebug.dll' (tried: C:/Users/jason/AppData/Local/Programs/Local/resources/extraResources/lightning-services/php-7.4.1+16/bin/win64/ext\php_xdebug.dll (The specified module could not be found.), C:/Users/jason/AppData/Local/Programs/Local/resources/extraResources/lightning-services/php-7.4.1+16/bin/win64/ext\php_php_xdebug.dll.dll (The specified module could not be found.)) in Unknown on line 0
[12-May-2022 03:18:45 UTC] PHP Warning:  PHP Startup: Unable to load dynamic library 'php_curl.dll' (tried: C:/Users/jason/AppData/Local/Programs/Local/resources/extraResources/lightning-services/php-7.4.1+16/bin/win64/ext\php_curl.dll (The specified module could not be found.), C:/Users/jason/AppData/Local/Programs/Local/resources/extraResources/lightning-services/php-7.4.1+16/bin/win64/ext\php_php_curl.dll.dll (The specified module could not be found.)) in Unknown on line 0
[12-May-2022 03:18:45 UTC] PHP Warning:  PHP Startup: Unable to load dynamic library 'php_gettext.dll' (tried: C:/Users/jason/AppData/Local/Programs/Local/resources/extraResources/lightning-services/php-7.4.1+16/bin/win64/ext\php_gettext.dll (The specified module could not be found.), C:/Users/jason/AppData/Local/Programs/Local/resources/extraResources/lightning-services/php-7.4.1+16/bin/win64/ext\php_php_gettext.dll.dll (The specified module could not be found.)) in Unknown on line 0
[12-May-2022 03:18:45 UTC] PHP Warning:  PHP Startup: Unable to load dynamic library 'php_openssl.dll' (tried: C:/Users/jason/AppData/Local/Programs/Local/resources/extraResources/lightning-services/php-7.4.1+16/bin/win64/ext\php_openssl.dll (The specified module could not be found.), C:/Users/jason/AppData/Local/Programs/Local/resources/extraResources/lightning-services/php-7.4.1+16/bin/win64/ext\php_php_openssl.dll.dll (The specified module could not be found.)) in Unknown on line 0
[12-May-2022 03:18:45 UTC] PHP Warning:  PHP Startup: Unable to load dynamic library 'php_exif.dll' (tried: C:/Users/jason/AppData/Local/Programs/Local/resources/extraResources/lightning-services/php-7.4.1+16/bin/win64/ext\php_exif.dll (The specified module could not be found.), C:/Users/jason/AppData/Local/Programs/Local/resources/extraResources/lightning-services/php-7.4.1+16/bin/win64/ext\php_php_exif.dll.dll (The specified module could not be found.)) in Unknown on line 0
[12-May-2022 03:18:45 UTC] PHP Warning:  PHP Startup: Unable to load dynamic library 'php_gd2.dll' (tried: C:/Users/jason/AppData/Local/Programs/Local/resources/extraResources/lightning-services/php-7.4.1+16/bin/win64/ext\php_gd2.dll (The specified module could not be found.), C:/Users/jason/AppData/Local/Programs/Local/resources/extraResources/lightning-services/php-7.4.1+16/bin/win64/ext\php_php_gd2.dll.dll (The specified module could not be found.)) in Unknown on line 0
[12-May-2022 03:18:45 UTC] PHP Warning:  PHP Startup: Unable to load dynamic library 'php_ftp.dll' (tried: C:/Users/jason/AppData/Local/Programs/Local/resources/extraResources/lightning-services/php-7.4.1+16/bin/win64/ext\php_ftp.dll (The specified module could not be found.), C:/Users/jason/AppData/Local/Programs/Local/resources/extraResources/lightning-services/php-7.4.1+16/bin/win64/ext\php_php_ftp.dll.dll (The specified module could not be found.)) in Unknown on line 0
[12-May-2022 03:18:45 UTC] PHP Warning:  PHP Startup: Unable to load dynamic library 'php_imap.dll' (tried: C:/Users/jason/AppData/Local/Programs/Local/resources/extraResources/lightning-services/php-7.4.1+16/bin/win64/ext\php_imap.dll (The specified module could not be found.), C:/Users/jason/AppData/Local/Programs/Local/resources/extraResources/lightning-services/php-7.4.1+16/bin/win64/ext\php_php_imap.dll.dll (The specified module could not be found.)) in Unknown on line 0
[12-May-2022 03:18:45 UTC] PHP Warning:  PHP Startup: Unable to load dynamic library 'php_bz2.dll' (tried: C:/Users/jason/AppData/Local/Programs/Local/resources/extraResources/lightning-services/php-7.4.1+16/bin/win64/ext\php_bz2.dll (The specified module could not be found.), C:/Users/jason/AppData/Local/Programs/Local/resources/extraResources/lightning-services/php-7.4.1+16/bin/win64/ext\php_php_bz2.dll.dll (The specified module could not be found.)) in Unknown on line 0
[12-May-2022 03:18:45 UTC] PHP Warning:  PHP Startup: Unable to load dynamic library 'php_mbstring.dll' (tried: C:/Users/jason/AppData/Local/Programs/Local/resources/extraResources/lightning-services/php-7.4.1+16/bin/win64/ext\php_mbstring.dll (The specified module could not be found.), C:/Users/jason/AppData/Local/Programs/Local/resources/extraResources/lightning-services/php-7.4.1+16/bin/win64/ext\php_php_mbstring.dll.dll (The specified module could not be found.)) in Unknown on line 0
[12-May-2022 03:18:45 UTC] PHP Warning:  PHP Startup: Unable to load dynamic library 'php_sodium.dll' (tried: C:/Users/jason/AppData/Local/Programs/Local/resources/extraResources/lightning-services/php-7.4.1+16/bin/win64/ext\php_sodium.dll (The specified module could not be found.), C:/Users/jason/AppData/Local/Programs/Local/resources/extraResources/lightning-services/php-7.4.1+16/bin/win64/ext\php_php_sodium.dll.dll (The specified module could not be found.)) in Unknown on line 0
[12-May-2022 03:18:45 UTC] PHP Warning:  PHP Startup: Unable to load dynamic library 'php_tidy.dll' (tried: C:/Users/jason/AppData/Local/Programs/Local/resources/extraResources/lightning-services/php-7.4.1+16/bin/win64/ext\php_tidy.dll (The specified module could not be found.), C:/Users/jason/AppData/Local/Programs/Local/resources/extraResources/lightning-services/php-7.4.1+16/bin/win64/ext\php_php_tidy.dll.dll (The specified module could not be found.)) in Unknown on line 0
[12-May-2022 03:18:45 UTC] PHP Warning:  PHP Startup: Unable to load dynamic library 'php_xsl.dll' (tried: C:/Users/jason/AppData/Local/Programs/Local/resources/extraResources/lightning-services/php-7.4.1+16/bin/win64/ext\php_xsl.dll (The specified module could not be found.), C:/Users/jason/AppData/Local/Programs/Local/resources/extraResources/lightning-services/php-7.4.1+16/bin/win64/ext\php_php_xsl.dll.dll (The specified module could not be found.)) in Unknown on line 0
[12-May-2022 03:18:45 UTC] PHP Warning:  PHP Startup: Unable to load dynamic library 'php_xmlrpc.dll' (tried: C:/Users/jason/AppData/Local/Programs/Local/resources/extraResources/lightning-services/php-7.4.1+16/bin/win64/ext\php_xmlrpc.dll (The specified module could not be found.), C:/Users/jason/AppData/Local/Programs/Local/resources/extraResources/lightning-services/php-7.4.1+16/bin/win64/ext\php_php_xmlrpc.dll.dll (The specified module could not be found.)) in Unknown on line 0
[12-May-2022 03:18:45 UTC] PHP Warning:  PHP Startup: Unable to load dynamic library 'php_soap.dll' (tried: C:/Users/jason/AppData/Local/Programs/Local/resources/extraResources/lightning-services/php-7.4.1+16/bin/win64/ext\php_soap.dll (The specified module could not be found.), C:/Users/jason/AppData/Local/Programs/Local/resources/extraResources/lightning-services/php-7.4.1+16/bin/win64/ext\php_php_soap.dll.dll (The specified module could not be found.)) in Unknown on line 0
[12-May-2022 03:18:45 UTC] PHP Warning:  PHP Startup: Unable to load dynamic library 'php_mysqli.dll' (tried: C:/Users/jason/AppData/Local/Programs/Local/resources/extraResources/lightning-services/php-7.4.1+16/bin/win64/ext\php_mysqli.dll (The specified module could not be found.), C:/Users/jason/AppData/Local/Programs/Local/resources/extraResources/lightning-services/php-7.4.1+16/bin/win64/ext\php_php_mysqli.dll.dll (The specified module could not be found.)) in Unknown on line 0
[12-May-2022 03:18:45 UTC] PHP Warning:  PHP Startup: Unable to load dynamic library 'php_pdo_mysql.dll' (tried: C:/Users/jason/AppData/Local/Programs/Local/resources/extraResources/lightning-services/php-7.4.1+16/bin/win64/ext\php_pdo_mysql.dll (The specified module could not be found.), C:/Users/jason/AppData/Local/Programs/Local/resources/extraResources/lightning-services/php-7.4.1+16/bin/win64/ext\php_php_pdo_mysql.dll.dll (The specified module could not be found.)) in Unknown on line 0
[12-May-2022 03:18:45 UTC] PHP Warning:  PHP Startup: Unable to load dynamic library 'php_imagick.dll' (tried: C:/Users/jason/AppData/Local/Programs/Local/resources/extraResources/lightning-services/php-7.4.1+16/bin/win64/ext\php_imagick.dll (The specified module could not be found.), C:/Users/jason/AppData/Local/Programs/Local/resources/extraResources/lightning-services/php-7.4.1+16/bin/win64/ext\php_php_imagick.dll.dll (The specified module could not be found.)) in Unknown on line 0
[12-May-2022 03:18:45 UTC] PHP Fatal error:  Uncaught Error: Call to undefined function mysql_connect() in C:\Users\jason\Local Sites\ist-363-spotify\app\public\wp-includes\wp-db.php:1788
Stack trace:
#0 C:\Users\jason\Local Sites\ist-363-spotify\app\public\wp-includes\wp-db.php(724): wpdb->db_connect()
#1 C:\Users\jason\Local Sites\ist-363-spotify\app\public\wp-includes\load.php(561): wpdb->__construct('root', 'root', 'local', 'localhost')
#2 C:\Users\jason\Local Sites\ist-363-spotify\app\public\wp-settings.php(124): require_wp_db()
#3 phar://C:/Users/jason/AppData/Local/Programs/Local/resources/extraResources/bin/wp-cli/wp-cli.phar/vendor/wp-cli/wp-cli/php/WP_CLI/Runner.php(1317): require('C:\\Users\\jason\\...')
#4 phar://C:/Users/jason/AppData/Local/Programs/Local/resources/extraResources/bin/wp-cli/wp-cli.phar/vendor/wp-cli/wp-cli/php/WP_CLI/Runner.php(1235): WP_CLI\Runner->load_wordpress()
#5 phar://C:/Users/jason/AppData/Local/Programs/Local/resources/extraResources/bin/wp-cli/wp-cli.phar/vendor/wp-cli/wp-cli/php/WP_CLI/Bootstrap/LaunchRunner.php in C:\Users\jason\Local Sites\ist-363-spotify\app\public\wp-includes\wp-db.php on line 1788
[12-May-2022 03:57:09 UTC] PHP Warning:  Use of undefined constant WP_MEMORY_LIMIT - assumed 'WP_MEMORY_LIMIT' (this will throw an Error in a future version of PHP) in C:\Users\jason\Local Sites\ist-363-spotify\app\public\wp-config.php on line 83
[12-May-2022 03:57:09 UTC] PHP Stack trace:
[12-May-2022 03:57:09 UTC] PHP   1. {main}() C:\Users\jason\Local Sites\ist-363-spotify\app\public\wp-admin\admin-ajax.php:0
[12-May-2022 03:57:09 UTC] PHP   2. require_once() C:\Users\jason\Local Sites\ist-363-spotify\app\public\wp-admin\admin-ajax.php:22
[12-May-2022 03:57:09 UTC] PHP   3. require_once() C:\Users\jason\Local Sites\ist-363-spotify\app\public\wp-load.php:50
[12-May-2022 03:57:09 UTC] PHP Warning:  Use of undefined constant 256M - assumed '256M' (this will throw an Error in a future version of PHP) in C:\Users\jason\Local Sites\ist-363-spotify\app\public\wp-config.php on line 83
[12-May-2022 03:57:09 UTC] PHP Stack trace:
[12-May-2022 03:57:09 UTC] PHP   1. {main}() C:\Users\jason\Local Sites\ist-363-spotify\app\public\wp-admin\admin-ajax.php:0
[12-May-2022 03:57:09 UTC] PHP   2. require_once() C:\Users\jason\Local Sites\ist-363-spotify\app\public\wp-admin\admin-ajax.php:22
[12-May-2022 03:57:09 UTC] PHP   3. require_once() C:\Users\jason\Local Sites\ist-363-spotify\app\public\wp-load.php:50
[12-May-2022 03:59:10 UTC] PHP Warning:  Use of undefined constant WP_MEMORY_LIMIT - assumed 'WP_MEMORY_LIMIT' (this will throw an Error in a future version of PHP) in C:\Users\jason\Local Sites\ist-363-spotify\app\public\wp-config.php on line 83
[12-May-2022 03:59:10 UTC] PHP Stack trace:
[12-May-2022 03:59:10 UTC] PHP   1. {main}() C:\Users\jason\Local Sites\ist-363-spotify\app\public\wp-admin\admin-ajax.php:0
[12-May-2022 03:59:10 UTC] PHP   2. require_once() C:\Users\jason\Local Sites\ist-363-spotify\app\public\wp-admin\admin-ajax.php:22
[12-May-2022 03:59:10 UTC] PHP   3. require_once() C:\Users\jason\Local Sites\ist-363-spotify\app\public\wp-load.php:50
[12-May-2022 03:59:10 UTC] PHP Warning:  Use of undefined constant 256M - assumed '256M' (this will throw an Error in a future version of PHP) in C:\Users\jason\Local Sites\ist-363-spotify\app\public\wp-config.php on line 83
[12-May-2022 03:59:10 UTC] PHP Stack trace:
[12-May-2022 03:59:10 UTC] PHP   1. {main}() C:\Users\jason\Local Sites\ist-363-spotify\app\public\wp-admin\admin-ajax.php:0
[12-May-2022 03:59:10 UTC] PHP   2. require_once() C:\Users\jason\Local Sites\ist-363-spotify\app\public\wp-admin\admin-ajax.php:22
[12-May-2022 03:59:10 UTC] PHP   3. require_once() C:\Users\jason\Local Sites\ist-363-spotify\app\public\wp-load.php:50
[12-May-2022 03:59:29 UTC] PHP Warning:  Use of undefined constant WP_MEMORY_LIMIT - assumed 'WP_MEMORY_LIMIT' (this will throw an Error in a future version of PHP) in C:\Users\jason\Local Sites\ist-363-spotify\app\public\wp-config.php on line 83
[12-May-2022 03:59:29 UTC] PHP Stack trace:
[12-May-2022 03:59:29 UTC] PHP   1. {main}() C:\Users\jason\Local Sites\ist-363-spotify\app\public\wp-admin\admin-ajax.php:0
[12-May-2022 03:59:29 UTC] PHP   2. require_once() C:\Users\jason\Local Sites\ist-363-spotify\app\public\wp-admin\admin-ajax.php:22
[12-May-2022 03:59:29 UTC] PHP   3. require_once() C:\Users\jason\Local Sites\ist-363-spotify\app\public\wp-load.php:50
[12-May-2022 03:59:29 UTC] PHP Warning:  Use of undefined constant 256M - assumed '256M' (this will throw an Error in a future version of PHP) in C:\Users\jason\Local Sites\ist-363-spotify\app\public\wp-config.php on line 83
[12-May-2022 03:59:29 UTC] PHP Stack trace:
[12-May-2022 03:59:29 UTC] PHP   1. {main}() C:\Users\jason\Local Sites\ist-363-spotify\app\public\wp-admin\admin-ajax.php:0
[12-May-2022 03:59:29 UTC] PHP   2. require_once() C:\Users\jason\Local Sites\ist-363-spotify\app\public\wp-admin\admin-ajax.php:22
[12-May-2022 03:59:29 UTC] PHP   3. require_once() C:\Users\jason\Local Sites\ist-363-spotify\app\public\wp-load.php:50
[12-May-2022 03:59:29 UTC] PHP Warning:  Use of undefined constant WP_MEMORY_LIMIT - assumed 'WP_MEMORY_LIMIT' (this will throw an Error in a future version of PHP) in C:\Users\jason\Local Sites\ist-363-spotify\app\public\wp-config.php on line 83
[12-May-2022 03:59:29 UTC] PHP Stack trace:
[12-May-2022 03:59:29 UTC] PHP   1. {main}() C:\Users\jason\Local Sites\ist-363-spotify\app\public\wp-admin\edit.php:0
[12-May-2022 03:59:29 UTC] PHP   2. require_once() C:\Users\jason\Local Sites\ist-363-spotify\app\public\wp-admin\edit.php:10
[12-May-2022 03:59:29 UTC] PHP   3. require_once() C:\Users\jason\Local Sites\ist-363-spotify\app\public\wp-admin\admin.php:34
[12-May-2022 03:59:29 UTC] PHP   4. require_once() C:\Users\jason\Local Sites\ist-363-spotify\app\public\wp-load.php:50
[12-May-2022 03:59:29 UTC] PHP Warning:  Use of undefined constant 256M - assumed '256M' (this will throw an Error in a future version of PHP) in C:\Users\jason\Local Sites\ist-363-spotify\app\public\wp-config.php on line 83
[12-May-2022 03:59:29 UTC] PHP Stack trace:
[12-May-2022 03:59:29 UTC] PHP   1. {main}() C:\Users\jason\Local Sites\ist-363-spotify\app\public\wp-admin\edit.php:0
[12-May-2022 03:59:29 UTC] PHP   2. require_once() C:\Users\jason\Local Sites\ist-363-spotify\app\public\wp-admin\edit.php:10
[12-May-2022 03:59:29 UTC] PHP   3. require_once() C:\Users\jason\Local Sites\ist-363-spotify\app\public\wp-admin\admin.php:34
[12-May-2022 03:59:29 UTC] PHP   4. require_once() C:\Users\jason\Local Sites\ist-363-spotify\app\public\wp-load.php:50
[12-May-2022 03:59:29 UTC] PHP Warning:  Cannot modify header information - headers already sent by (output started at C:\Users\jason\Local Sites\ist-363-spotify\app\public\wp-config.php:83) in C:\Users\jason\Local Sites\ist-363-spotify\app\public\wp-includes\functions.php on line 6821
[12-May-2022 03:59:29 UTC] PHP Stack trace:
[12-May-2022 03:59:29 UTC] PHP   1. {main}() C:\Users\jason\Local Sites\ist-363-spotify\app\public\wp-admin\edit.php:0
[12-May-2022 03:59:29 UTC] PHP   2. require_once() C:\Users\jason\Local Sites\ist-363-spotify\app\public\wp-admin\edit.php:10
[12-May-2022 03:59:29 UTC] PHP   3. do_action() C:\Users\jason\Local Sites\ist-363-spotify\app\public\wp-admin\admin.php:175
[12-May-2022 03:59:29 UTC] PHP   4. WP_Hook->do_action() C:\Users\jason\Local Sites\ist-363-spotify\app\public\wp-includes\plugin.php:474
[12-May-2022 03:59:29 UTC] PHP   5. WP_Hook->apply_filters() C:\Users\jason\Local Sites\ist-363-spotify\app\public\wp-includes\class-wp-hook.php:331
[12-May-2022 03:59:29 UTC] PHP   6. send_frame_options_header() C:\Users\jason\Local Sites\ist-363-spotify\app\public\wp-includes\class-wp-hook.php:305
[12-May-2022 03:59:29 UTC] PHP   7. header() C:\Users\jason\Local Sites\ist-363-spotify\app\public\wp-includes\functions.php:6821
[12-May-2022 03:59:29 UTC] PHP Warning:  Cannot modify header information - headers already sent by (output started at C:\Users\jason\Local Sites\ist-363-spotify\app\public\wp-config.php:83) in C:\Users\jason\Local Sites\ist-363-spotify\app\public\wp-admin\includes\misc.php on line 1310
[12-May-2022 03:59:29 UTC] PHP Stack trace:
[12-May-2022 03:59:29 UTC] PHP   1. {main}() C:\Users\jason\Local Sites\ist-363-spotify\app\public\wp-admin\edit.php:0
[12-May-2022 03:59:29 UTC] PHP   2. require_once() C:\Users\jason\Local Sites\ist-363-spotify\app\public\wp-admin\edit.php:10
[12-May-2022 03:59:29 UTC] PHP   3. do_action() C:\Users\jason\Local Sites\ist-363-spotify\app\public\wp-admin\admin.php:175
[12-May-2022 03:59:29 UTC] PHP   4. WP_Hook->do_action() C:\Users\jason\Local Sites\ist-363-spotify\app\public\wp-includes\plugin.php:474
[12-May-2022 03:59:29 UTC] PHP   5. WP_Hook->apply_filters() C:\Users\jason\Local Sites\ist-363-spotify\app\public\wp-includes\class-wp-hook.php:331
[12-May-2022 03:59:29 UTC] PHP   6. wp_admin_headers() C:\Users\jason\Local Sites\ist-363-spotify\app\public\wp-includes\class-wp-hook.php:307
[12-May-2022 03:59:29 UTC] PHP   7. header() C:\Users\jason\Local Sites\ist-363-spotify\app\public\wp-admin\includes\misc.php:1310
[12-May-2022 03:59:29 UTC] PHP Warning:  Cannot modify header information - headers already sent by (output started at C:\Users\jason\Local Sites\ist-363-spotify\app\public\wp-config.php:83) in C:\Users\jason\Local Sites\ist-363-spotify\app\public\wp-admin\admin-header.php on line 9
[12-May-2022 03:59:29 UTC] PHP Stack trace:
[12-May-2022 03:59:29 UTC] PHP   1. {main}() C:\Users\jason\Local Sites\ist-363-spotify\app\public\wp-admin\edit.php:0
[12-May-2022 03:59:29 UTC] PHP   2. require_once() C:\Users\jason\Local Sites\ist-363-spotify\app\public\wp-admin\edit.php:397
[12-May-2022 03:59:29 UTC] PHP   3. header() C:\Users\jason\Local Sites\ist-363-spotify\app\public\wp-admin\admin-header.php:9
[12-May-2022 03:59:30 UTC] PHP Warning:  Use of undefined constant WP_MEMORY_LIMIT - assumed 'WP_MEMORY_LIMIT' (this will throw an Error in a future version of PHP) in C:\Users\jason\Local Sites\ist-363-spotify\app\public\wp-config.php on line 83
[12-May-2022 03:59:30 UTC] PHP Warning:  Use of undefined constant WP_MEMORY_LIMIT - assumed 'WP_MEMORY_LIMIT' (this will throw an Error in a future version of PHP) in C:\Users\jason\Local Sites\ist-363-spotify\app\public\wp-config.php on line 83
[12-May-2022 03:59:30 UTC] PHP Stack trace:
[12-May-2022 03:59:30 UTC] PHP Stack trace:
[12-May-2022 03:59:30 UTC] PHP   1. {main}() C:\Users\jason\Local Sites\ist-363-spotify\app\public\index.php:0
[12-May-2022 03:59:30 UTC] PHP   1. {main}() C:\Users\jason\Local Sites\ist-363-spotify\app\public\wp-admin\admin-ajax.php:0
[12-May-2022 03:59:30 UTC] PHP   2. require() C:\Users\jason\Local Sites\ist-363-spotify\app\public\index.php:17
[12-May-2022 03:59:30 UTC] PHP   2. require_once() C:\Users\jason\Local Sites\ist-363-spotify\app\public\wp-admin\admin-ajax.php:22
[12-May-2022 03:59:30 UTC] PHP   3. require_once() C:\Users\jason\Local Sites\ist-363-spotify\app\public\wp-load.php:50
[12-May-2022 03:59:30 UTC] PHP   3. require_once() C:\Users\jason\Local Sites\ist-363-spotify\app\public\wp-blog-header.php:13
[12-May-2022 03:59:30 UTC] PHP Warning:  Use of undefined constant 256M - assumed '256M' (this will throw an Error in a future version of PHP) in C:\Users\jason\Local Sites\ist-363-spotify\app\public\wp-config.php on line 83
[12-May-2022 03:59:30 UTC] PHP   4. require_once() C:\Users\jason\Local Sites\ist-363-spotify\app\public\wp-load.php:50
[12-May-2022 03:59:30 UTC] PHP Stack trace:
[12-May-2022 03:59:30 UTC] PHP Warning:  Use of undefined constant 256M - assumed '256M' (this will throw an Error in a future version of PHP) in C:\Users\jason\Local Sites\ist-363-spotify\app\public\wp-config.php on line 83
[12-May-2022 03:59:30 UTC] PHP   1. {main}() C:\Users\jason\Local Sites\ist-363-spotify\app\public\wp-admin\admin-ajax.php:0
[12-May-2022 03:59:30 UTC] PHP Stack trace:
[12-May-2022 03:59:30 UTC] PHP   2. require_once() C:\Users\jason\Local Sites\ist-363-spotify\app\public\wp-admin\admin-ajax.php:22
[12-May-2022 03:59:30 UTC] PHP   1. {main}() C:\Users\jason\Local Sites\ist-363-spotify\app\public\index.php:0
[12-May-2022 03:59:30 UTC] PHP   3. require_once() C:\Users\jason\Local Sites\ist-363-spotify\app\public\wp-load.php:50
[12-May-2022 03:59:30 UTC] PHP   2. require() C:\Users\jason\Local Sites\ist-363-spotify\app\public\index.php:17
[12-May-2022 03:59:30 UTC] PHP   3. require_once() C:\Users\jason\Local Sites\ist-363-spotify\app\public\wp-blog-header.php:13
[12-May-2022 03:59:30 UTC] PHP   4. require_once() C:\Users\jason\Local Sites\ist-363-spotify\app\public\wp-load.php:50
[12-May-2022 03:59:30 UTC] PHP Warning:  Cannot modify header information - headers already sent by (output started at C:\Users\jason\Local Sites\ist-363-spotify\app\public\wp-config.php:83) in C:\Users\jason\Local Sites\ist-363-spotify\app\public\wp-includes\pluggable.php on line 1355
[12-May-2022 03:59:30 UTC] PHP Stack trace:
[12-May-2022 03:59:30 UTC] PHP   1. {main}() C:\Users\jason\Local Sites\ist-363-spotify\app\public\index.php:0
[12-May-2022 03:59:30 UTC] PHP   2. require() C:\Users\jason\Local Sites\ist-363-spotify\app\public\index.php:17
[12-May-2022 03:59:30 UTC] PHP   3. require_once() C:\Users\jason\Local Sites\ist-363-spotify\app\public\wp-blog-header.php:19
[12-May-2022 03:59:30 UTC] PHP   4. do_action() C:\Users\jason\Local Sites\ist-363-spotify\app\public\wp-includes\template-loader.php:45
[12-May-2022 03:59:30 UTC] PHP   5. WP_Hook->do_action() C:\Users\jason\Local Sites\ist-363-spotify\app\public\wp-includes\plugin.php:474
[12-May-2022 03:59:30 UTC] PHP   6. WP_Hook->apply_filters() C:\Users\jason\Local Sites\ist-363-spotify\app\public\wp-includes\class-wp-hook.php:331
[12-May-2022 03:59:30 UTC] PHP   7. do_favicon() C:\Users\jason\Local Sites\ist-363-spotify\app\public\wp-includes\class-wp-hook.php:307
[12-May-2022 03:59:30 UTC] PHP   8. wp_redirect() C:\Users\jason\Local Sites\ist-363-spotify\app\public\wp-includes\functions.php:1713
[12-May-2022 03:59:30 UTC] PHP   9. header() C:\Users\jason\Local Sites\ist-363-spotify\app\public\wp-includes\pluggable.php:1355
[12-May-2022 03:59:30 UTC] PHP Warning:  Cannot modify header information - headers already sent by (output started at C:\Users\jason\Local Sites\ist-363-spotify\app\public\wp-config.php:83) in C:\Users\jason\Local Sites\ist-363-spotify\app\public\wp-includes\pluggable.php on line 1358
[12-May-2022 03:59:30 UTC] PHP Stack trace:
[12-May-2022 03:59:30 UTC] PHP   1. {main}() C:\Users\jason\Local Sites\ist-363-spotify\app\public\index.php:0
[12-May-2022 03:59:30 UTC] PHP   2. require() C:\Users\jason\Local Sites\ist-363-spotify\app\public\index.php:17
[12-May-2022 03:59:30 UTC] PHP   3. require_once() C:\Users\jason\Local Sites\ist-363-spotify\app\public\wp-blog-header.php:19
[12-May-2022 03:59:30 UTC] PHP   4. do_action() C:\Users\jason\Local Sites\ist-363-spotify\app\public\wp-includes\template-loader.php:45
[12-May-2022 03:59:30 UTC] PHP   5. WP_Hook->do_action() C:\Users\jason\Local Sites\ist-363-spotify\app\public\wp-includes\plugin.php:474
[12-May-2022 03:59:30 UTC] PHP   6. WP_Hook->apply_filters() C:\Users\jason\Local Sites\ist-363-spotify\app\public\wp-includes\class-wp-hook.php:331
[12-May-2022 03:59:30 UTC] PHP   7. do_favicon() C:\Users\jason\Local Sites\ist-363-spotify\app\public\wp-includes\class-wp-hook.php:307
[12-May-2022 03:59:30 UTC] PHP   8. wp_redirect() C:\Users\jason\Local Sites\ist-363-spotify\app\public\wp-includes\functions.php:1713
[12-May-2022 03:59:30 UTC] PHP   9. header() C:\Users\jason\Local Sites\ist-363-spotify\app\public\wp-includes\pluggable.php:1358
[12-May-2022 03:59:31 UTC] PHP Warning:  Use of undefined constant WP_MEMORY_LIMIT - assumed 'WP_MEMORY_LIMIT' (this will throw an Error in a future version of PHP) in C:\Users\jason\Local Sites\ist-363-spotify\app\public\wp-config.php on line 83
[12-May-2022 03:59:31 UTC] PHP Stack trace:
[12-May-2022 03:59:31 UTC] PHP   1. {main}() C:\Users\jason\Local Sites\ist-363-spotify\app\public\wp-admin\edit.php:0
[12-May-2022 03:59:31 UTC] PHP   2. require_once() C:\Users\jason\Local Sites\ist-363-spotify\app\public\wp-admin\edit.php:10
[12-May-2022 03:59:31 UTC] PHP   3. require_once() C:\Users\jason\Local Sites\ist-363-spotify\app\public\wp-admin\admin.php:34
[12-May-2022 03:59:31 UTC] PHP   4. require_once() C:\Users\jason\Local Sites\ist-363-spotify\app\public\wp-load.php:50
[12-May-2022 03:59:31 UTC] PHP Warning:  Use of undefined constant 256M - assumed '256M' (this will throw an Error in a future version of PHP) in C:\Users\jason\Local Sites\ist-363-spotify\app\public\wp-config.php on line 83
[12-May-2022 03:59:31 UTC] PHP Stack trace:
[12-May-2022 03:59:31 UTC] PHP   1. {main}() C:\Users\jason\Local Sites\ist-363-spotify\app\public\wp-admin\edit.php:0
[12-May-2022 03:59:31 UTC] PHP   2. require_once() C:\Users\jason\Local Sites\ist-363-spotify\app\public\wp-admin\edit.php:10
[12-May-2022 03:59:31 UTC] PHP   3. require_once() C:\Users\jason\Local Sites\ist-363-spotify\app\public\wp-admin\admin.php:34
[12-May-2022 03:59:31 UTC] PHP   4. require_once() C:\Users\jason\Local Sites\ist-363-spotify\app\public\wp-load.php:50
[12-May-2022 03:59:31 UTC] PHP Warning:  Cannot modify header information - headers already sent by (output started at C:\Users\jason\Local Sites\ist-363-spotify\app\public\wp-config.php:83) in C:\Users\jason\Local Sites\ist-363-spotify\app\public\wp-includes\functions.php on line 6821
[12-May-2022 03:59:31 UTC] PHP Stack trace:
[12-May-2022 03:59:31 UTC] PHP   1. {main}() C:\Users\jason\Local Sites\ist-363-spotify\app\public\wp-admin\edit.php:0
[12-May-2022 03:59:31 UTC] PHP   2. require_once() C:\Users\jason\Local Sites\ist-363-spotify\app\public\wp-admin\edit.php:10
[12-May-2022 03:59:31 UTC] PHP   3. do_action() C:\Users\jason\Local Sites\ist-363-spotify\app\public\wp-admin\admin.php:175
[12-May-2022 03:59:31 UTC] PHP   4. WP_Hook->do_action() C:\Users\jason\Local Sites\ist-363-spotify\app\public\wp-includes\plugin.php:474
[12-May-2022 03:59:31 UTC] PHP   5. WP_Hook->apply_filters() C:\Users\jason\Local Sites\ist-363-spotify\app\public\wp-includes\class-wp-hook.php:331
[12-May-2022 03:59:31 UTC] PHP   6. send_frame_options_header() C:\Users\jason\Local Sites\ist-363-spotify\app\public\wp-includes\class-wp-hook.php:305
[12-May-2022 03:59:31 UTC] PHP   7. header() C:\Users\jason\Local Sites\ist-363-spotify\app\public\wp-includes\functions.php:6821
[12-May-2022 03:59:31 UTC] PHP Warning:  Cannot modify header information - headers already sent by (output started at C:\Users\jason\Local Sites\ist-363-spotify\app\public\wp-config.php:83) in C:\Users\jason\Local Sites\ist-363-spotify\app\public\wp-admin\includes\misc.php on line 1310
[12-May-2022 03:59:31 UTC] PHP Stack trace:
[12-May-2022 03:59:31 UTC] PHP   1. {main}() C:\Users\jason\Local Sites\ist-363-spotify\app\public\wp-admin\edit.php:0
[12-May-2022 03:59:31 UTC] PHP   2. require_once() C:\Users\jason\Local Sites\ist-363-spotify\app\public\wp-admin\edit.php:10
[12-May-2022 03:59:31 UTC] PHP   3. do_action() C:\Users\jason\Local Sites\ist-363-spotify\app\public\wp-admin\admin.php:175
[12-May-2022 03:59:31 UTC] PHP   4. WP_Hook->do_action() C:\Users\jason\Local Sites\ist-363-spotify\app\public\wp-includes\plugin.php:474
[12-May-2022 03:59:31 UTC] PHP   5. WP_Hook->apply_filters() C:\Users\jason\Local Sites\ist-363-spotify\app\public\wp-includes\class-wp-hook.php:331
[12-May-2022 03:59:31 UTC] PHP   6. wp_admin_headers() C:\Users\jason\Local Sites\ist-363-spotify\app\public\wp-includes\class-wp-hook.php:307
[12-May-2022 03:59:31 UTC] PHP   7. header() C:\Users\jason\Local Sites\ist-363-spotify\app\public\wp-admin\includes\misc.php:1310
[12-May-2022 03:59:31 UTC] PHP Warning:  Cannot modify header information - headers already sent by (output started at C:\Users\jason\Local Sites\ist-363-spotify\app\public\wp-config.php:83) in C:\Users\jason\Local Sites\ist-363-spotify\app\public\wp-admin\admin-header.php on line 9
[12-May-2022 03:59:31 UTC] PHP Stack trace:
[12-May-2022 03:59:31 UTC] PHP   1. {main}() C:\Users\jason\Local Sites\ist-363-spotify\app\public\wp-admin\edit.php:0
[12-May-2022 03:59:31 UTC] PHP   2. require_once() C:\Users\jason\Local Sites\ist-363-spotify\app\public\wp-admin\edit.php:397
[12-May-2022 03:59:31 UTC] PHP   3. header() C:\Users\jason\Local Sites\ist-363-spotify\app\public\wp-admin\admin-header.php:9
[12-May-2022 03:59:32 UTC] PHP Warning:  Use of undefined constant WP_MEMORY_LIMIT - assumed 'WP_MEMORY_LIMIT' (this will throw an Error in a future version of PHP) in C:\Users\jason\Local Sites\ist-363-spotify\app\public\wp-config.php on line 83
[12-May-2022 03:59:32 UTC] PHP Stack trace:
[12-May-2022 03:59:32 UTC] PHP   1. {main}() C:\Users\jason\Local Sites\ist-363-spotify\app\public\wp-admin\admin-ajax.php:0
[12-May-2022 03:59:32 UTC] PHP   2. require_once() C:\Users\jason\Local Sites\ist-363-spotify\app\public\wp-admin\admin-ajax.php:22
[12-May-2022 03:59:32 UTC] PHP   3. require_once() C:\Users\jason\Local Sites\ist-363-spotify\app\public\wp-load.php:50
[12-May-2022 03:59:32 UTC] PHP Warning:  Use of undefined constant 256M - assumed '256M' (this will throw an Error in a future version of PHP) in C:\Users\jason\Local Sites\ist-363-spotify\app\public\wp-config.php on line 83
[12-May-2022 03:59:32 UTC] PHP Stack trace:
[12-May-2022 03:59:32 UTC] PHP   1. {main}() C:\Users\jason\Local Sites\ist-363-spotify\app\public\wp-admin\admin-ajax.php:0
[12-May-2022 03:59:32 UTC] PHP   2. require_once() C:\Users\jason\Local Sites\ist-363-spotify\app\public\wp-admin\admin-ajax.php:22
[12-May-2022 03:59:32 UTC] PHP   3. require_once() C:\Users\jason\Local Sites\ist-363-spotify\app\public\wp-load.php:50
[12-May-2022 03:59:32 UTC] PHP Warning:  Use of undefined constant WP_MEMORY_LIMIT - assumed 'WP_MEMORY_LIMIT' (this will throw an Error in a future version of PHP) in C:\Users\jason\Local Sites\ist-363-spotify\app\public\wp-config.php on line 83
[12-May-2022 03:59:32 UTC] PHP Stack trace:
[12-May-2022 03:59:32 UTC] PHP   1. {main}() C:\Users\jason\Local Sites\ist-363-spotify\app\public\index.php:0
[12-May-2022 03:59:32 UTC] PHP   2. require() C:\Users\jason\Local Sites\ist-363-spotify\app\public\index.php:17
[12-May-2022 03:59:32 UTC] PHP   3. require_once() C:\Users\jason\Local Sites\ist-363-spotify\app\public\wp-blog-header.php:13
[12-May-2022 03:59:32 UTC] PHP   4. require_once() C:\Users\jason\Local Sites\ist-363-spotify\app\public\wp-load.php:50
[12-May-2022 03:59:32 UTC] PHP Warning:  Use of undefined constant 256M - assumed '256M' (this will throw an Error in a future version of PHP) in C:\Users\jason\Local Sites\ist-363-spotify\app\public\wp-config.php on line 83
[12-May-2022 03:59:32 UTC] PHP Stack trace:
[12-May-2022 03:59:32 UTC] PHP   1. {main}() C:\Users\jason\Local Sites\ist-363-spotify\app\public\index.php:0
[12-May-2022 03:59:32 UTC] PHP   2. require() C:\Users\jason\Local Sites\ist-363-spotify\app\public\index.php:17
[12-May-2022 03:59:32 UTC] PHP   3. require_once() C:\Users\jason\Local Sites\ist-363-spotify\app\public\wp-blog-header.php:13
[12-May-2022 03:59:32 UTC] PHP   4. require_once() C:\Users\jason\Local Sites\ist-363-spotify\app\public\wp-load.php:50
[12-May-2022 03:59:32 UTC] PHP Warning:  Cannot modify header information - headers already sent by (output started at C:\Users\jason\Local Sites\ist-363-spotify\app\public\wp-config.php:83) in C:\Users\jason\Local Sites\ist-363-spotify\app\public\wp-includes\pluggable.php on line 1355
[12-May-2022 03:59:32 UTC] PHP Stack trace:
[12-May-2022 03:59:32 UTC] PHP   1. {main}() C:\Users\jason\Local Sites\ist-363-spotify\app\public\index.php:0
[12-May-2022 03:59:32 UTC] PHP   2. require() C:\Users\jason\Local Sites\ist-363-spotify\app\public\index.php:17
[12-May-2022 03:59:32 UTC] PHP   3. require_once() C:\Users\jason\Local Sites\ist-363-spotify\app\public\wp-blog-header.php:19
[12-May-2022 03:59:32 UTC] PHP   4. do_action() C:\Users\jason\Local Sites\ist-363-spotify\app\public\wp-includes\template-loader.php:45
[12-May-2022 03:59:32 UTC] PHP   5. WP_Hook->do_action() C:\Users\jason\Local Sites\ist-363-spotify\app\public\wp-includes\plugin.php:474
[12-May-2022 03:59:32 UTC] PHP   6. WP_Hook->apply_filters() C:\Users\jason\Local Sites\ist-363-spotify\app\public\wp-includes\class-wp-hook.php:331
[12-May-2022 03:59:32 UTC] PHP   7. do_favicon() C:\Users\jason\Local Sites\ist-363-spotify\app\public\wp-includes\class-wp-hook.php:307
[12-May-2022 03:59:32 UTC] PHP   8. wp_redirect() C:\Users\jason\Local Sites\ist-363-spotify\app\public\wp-includes\functions.php:1713
[12-May-2022 03:59:32 UTC] PHP   9. header() C:\Users\jason\Local Sites\ist-363-spotify\app\public\wp-includes\pluggable.php:1355
[12-May-2022 03:59:32 UTC] PHP Warning:  Cannot modify header information - headers already sent by (output started at C:\Users\jason\Local Sites\ist-363-spotify\app\public\wp-config.php:83) in C:\Users\jason\Local Sites\ist-363-spotify\app\public\wp-includes\pluggable.php on line 1358
[12-May-2022 03:59:32 UTC] PHP Stack trace:
[12-May-2022 03:59:32 UTC] PHP   1. {main}() C:\Users\jason\Local Sites\ist-363-spotify\app\public\index.php:0
[12-May-2022 03:59:32 UTC] PHP   2. require() C:\Users\jason\Local Sites\ist-363-spotify\app\public\index.php:17
[12-May-2022 03:59:32 UTC] PHP   3. require_once() C:\Users\jason\Local Sites\ist-363-spotify\app\public\wp-blog-header.php:19
[12-May-2022 03:59:32 UTC] PHP   4. do_action() C:\Users\jason\Local Sites\ist-363-spotify\app\public\wp-includes\template-loader.php:45
[12-May-2022 03:59:32 UTC] PHP   5. WP_Hook->do_action() C:\Users\jason\Local Sites\ist-363-spotify\app\public\wp-includes\plugin.php:474
[12-May-2022 03:59:32 UTC] PHP   6. WP_Hook->apply_filters() C:\Users\jason\Local Sites\ist-363-spotify\app\public\wp-includes\class-wp-hook.php:331
[12-May-2022 03:59:32 UTC] PHP   7. do_favicon() C:\Users\jason\Local Sites\ist-363-spotify\app\public\wp-includes\class-wp-hook.php:307
[12-May-2022 03:59:32 UTC] PHP   8. wp_redirect() C:\Users\jason\Local Sites\ist-363-spotify\app\public\wp-includes\functions.php:1713
[12-May-2022 03:59:32 UTC] PHP   9. header() C:\Users\jason\Local Sites\ist-363-spotify\app\public\wp-includes\pluggable.php:1358
[12-May-2022 03:59:32 UTC] PHP Warning:  Use of undefined constant WP_MEMORY_LIMIT - assumed 'WP_MEMORY_LIMIT' (this will throw an Error in a future version of PHP) in C:\Users\jason\Local Sites\ist-363-spotify\app\public\wp-config.php on line 83
[12-May-2022 03:59:32 UTC] PHP Stack trace:
[12-May-2022 03:59:32 UTC] PHP   1. {main}() C:\Users\jason\Local Sites\ist-363-spotify\app\public\wp-admin\edit.php:0
[12-May-2022 03:59:32 UTC] PHP   2. require_once() C:\Users\jason\Local Sites\ist-363-spotify\app\public\wp-admin\edit.php:10
[12-May-2022 03:59:32 UTC] PHP   3. require_once() C:\Users\jason\Local Sites\ist-363-spotify\app\public\wp-admin\admin.php:34
[12-May-2022 03:59:32 UTC] PHP   4. require_once() C:\Users\jason\Local Sites\ist-363-spotify\app\public\wp-load.php:50
[12-May-2022 03:59:32 UTC] PHP Warning:  Use of undefined constant 256M - assumed '256M' (this will throw an Error in a future version of PHP) in C:\Users\jason\Local Sites\ist-363-spotify\app\public\wp-config.php on line 83
[12-May-2022 03:59:32 UTC] PHP Stack trace:
[12-May-2022 03:59:32 UTC] PHP   1. {main}() C:\Users\jason\Local Sites\ist-363-spotify\app\public\wp-admin\edit.php:0
[12-May-2022 03:59:32 UTC] PHP   2. require_once() C:\Users\jason\Local Sites\ist-363-spotify\app\public\wp-admin\edit.php:10
[12-May-2022 03:59:32 UTC] PHP   3. require_once() C:\Users\jason\Local Sites\ist-363-spotify\app\public\wp-admin\admin.php:34
[12-May-2022 03:59:32 UTC] PHP   4. require_once() C:\Users\jason\Local Sites\ist-363-spotify\app\public\wp-load.php:50
[12-May-2022 03:59:32 UTC] PHP Warning:  Cannot modify header information - headers already sent by (output started at C:\Users\jason\Local Sites\ist-363-spotify\app\public\wp-config.php:83) in C:\Users\jason\Local Sites\ist-363-spotify\app\public\wp-includes\functions.php on line 6821
[12-May-2022 03:59:32 UTC] PHP Stack trace:
[12-May-2022 03:59:32 UTC] PHP   1. {main}() C:\Users\jason\Local Sites\ist-363-spotify\app\public\wp-admin\edit.php:0
[12-May-2022 03:59:32 UTC] PHP   2. require_once() C:\Users\jason\Local Sites\ist-363-spotify\app\public\wp-admin\edit.php:10
[12-May-2022 03:59:32 UTC] PHP   3. do_action() C:\Users\jason\Local Sites\ist-363-spotify\app\public\wp-admin\admin.php:175
[12-May-2022 03:59:32 UTC] PHP   4. WP_Hook->do_action() C:\Users\jason\Local Sites\ist-363-spotify\app\public\wp-includes\plugin.php:474
[12-May-2022 03:59:32 UTC] PHP   5. WP_Hook->apply_filters() C:\Users\jason\Local Sites\ist-363-spotify\app\public\wp-includes\class-wp-hook.php:331
[12-May-2022 03:59:32 UTC] PHP   6. send_frame_options_header() C:\Users\jason\Local Sites\ist-363-spotify\app\public\wp-includes\class-wp-hook.php:305
[12-May-2022 03:59:32 UTC] PHP   7. header() C:\Users\jason\Local Sites\ist-363-spotify\app\public\wp-includes\functions.php:6821
[12-May-2022 03:59:32 UTC] PHP Warning:  Cannot modify header information - headers already sent by (output started at C:\Users\jason\Local Sites\ist-363-spotify\app\public\wp-config.php:83) in C:\Users\jason\Local Sites\ist-363-spotify\app\public\wp-admin\includes\misc.php on line 1310
[12-May-2022 03:59:32 UTC] PHP Stack trace:
[12-May-2022 03:59:32 UTC] PHP   1. {main}() C:\Users\jason\Local Sites\ist-363-spotify\app\public\wp-admin\edit.php:0
[12-May-2022 03:59:32 UTC] PHP   2. require_once() C:\Users\jason\Local Sites\ist-363-spotify\app\public\wp-admin\edit.php:10
[12-May-2022 03:59:32 UTC] PHP   3. do_action() C:\Users\jason\Local Sites\ist-363-spotify\app\public\wp-admin\admin.php:175
[12-May-2022 03:59:32 UTC] PHP   4. WP_Hook->do_action() C:\Users\jason\Local Sites\ist-363-spotify\app\public\wp-includes\plugin.php:474
[12-May-2022 03:59:32 UTC] PHP   5. WP_Hook->apply_filters() C:\Users\jason\Local Sites\ist-363-spotify\app\public\wp-includes\class-wp-hook.php:331
[12-May-2022 03:59:32 UTC] PHP   6. wp_admin_headers() C:\Users\jason\Local Sites\ist-363-spotify\app\public\wp-includes\class-wp-hook.php:307
[12-May-2022 03:59:32 UTC] PHP   7. header() C:\Users\jason\Local Sites\ist-363-spotify\app\public\wp-admin\includes\misc.php:1310
[12-May-2022 03:59:32 UTC] PHP Warning:  Cannot modify header information - headers already sent by (output started at C:\Users\jason\Local Sites\ist-363-spotify\app\public\wp-config.php:83) in C:\Users\jason\Local Sites\ist-363-spotify\app\public\wp-admin\admin-header.php on line 9
[12-May-2022 03:59:32 UTC] PHP Stack trace:
[12-May-2022 03:59:32 UTC] PHP   1. {main}() C:\Users\jason\Local Sites\ist-363-spotify\app\public\wp-admin\edit.php:0
[12-May-2022 03:59:32 UTC] PHP   2. require_once() C:\Users\jason\Local Sites\ist-363-spotify\app\public\wp-admin\edit.php:397
[12-May-2022 03:59:32 UTC] PHP   3. header() C:\Users\jason\Local Sites\ist-363-spotify\app\public\wp-admin\admin-header.php:9
[12-May-2022 03:59:33 UTC] PHP Warning:  Use of undefined constant WP_MEMORY_LIMIT - assumed 'WP_MEMORY_LIMIT' (this will throw an Error in a future version of PHP) in C:\Users\jason\Local Sites\ist-363-spotify\app\public\wp-config.php on line 83
[12-May-2022 03:59:33 UTC] PHP Stack trace:
[12-May-2022 03:59:33 UTC] PHP   1. {main}() C:\Users\jason\Local Sites\ist-363-spotify\app\public\wp-admin\admin-ajax.php:0
[12-May-2022 03:59:33 UTC] PHP   2. require_once() C:\Users\jason\Local Sites\ist-363-spotify\app\public\wp-admin\admin-ajax.php:22
[12-May-2022 03:59:33 UTC] PHP   3. require_once() C:\Users\jason\Local Sites\ist-363-spotify\app\public\wp-load.php:50
[12-May-2022 03:59:33 UTC] PHP Warning:  Use of undefined constant 256M - assumed '256M' (this will throw an Error in a future version of PHP) in C:\Users\jason\Local Sites\ist-363-spotify\app\public\wp-config.php on line 83
[12-May-2022 03:59:33 UTC] PHP Stack trace:
[12-May-2022 03:59:33 UTC] PHP   1. {main}() C:\Users\jason\Local Sites\ist-363-spotify\app\public\wp-admin\admin-ajax.php:0
[12-May-2022 03:59:33 UTC] PHP   2. require_once() C:\Users\jason\Local Sites\ist-363-spotify\app\public\wp-admin\admin-ajax.php:22
[12-May-2022 03:59:33 UTC] PHP   3. require_once() C:\Users\jason\Local Sites\ist-363-spotify\app\public\wp-load.php:50
[12-May-2022 03:59:33 UTC] PHP Warning:  Use of undefined constant WP_MEMORY_LIMIT - assumed 'WP_MEMORY_LIMIT' (this will throw an Error in a future version of PHP) in C:\Users\jason\Local Sites\ist-363-spotify\app\public\wp-config.php on line 83
[12-May-2022 03:59:33 UTC] PHP Stack trace:
[12-May-2022 03:59:33 UTC] PHP   1. {main}() C:\Users\jason\Local Sites\ist-363-spotify\app\public\index.php:0
[12-May-2022 03:59:33 UTC] PHP   2. require() C:\Users\jason\Local Sites\ist-363-spotify\app\public\index.php:17
[12-May-2022 03:59:33 UTC] PHP   3. require_once() C:\Users\jason\Local Sites\ist-363-spotify\app\public\wp-blog-header.php:13
[12-May-2022 03:59:33 UTC] PHP   4. require_once() C:\Users\jason\Local Sites\ist-363-spotify\app\public\wp-load.php:50
[12-May-2022 03:59:33 UTC] PHP Warning:  Use of undefined constant 256M - assumed '256M' (this will throw an Error in a future version of PHP) in C:\Users\jason\Local Sites\ist-363-spotify\app\public\wp-config.php on line 83
[12-May-2022 03:59:33 UTC] PHP Stack trace:
[12-May-2022 03:59:33 UTC] PHP   1. {main}() C:\Users\jason\Local Sites\ist-363-spotify\app\public\index.php:0
[12-May-2022 03:59:33 UTC] PHP   2. require() C:\Users\jason\Local Sites\ist-363-spotify\app\public\index.php:17
[12-May-2022 03:59:33 UTC] PHP   3. require_once() C:\Users\jason\Local Sites\ist-363-spotify\app\public\wp-blog-header.php:13
[12-May-2022 03:59:33 UTC] PHP   4. require_once() C:\Users\jason\Local Sites\ist-363-spotify\app\public\wp-load.php:50
[12-May-2022 03:59:33 UTC] PHP Warning:  Cannot modify header information - headers already sent by (output started at C:\Users\jason\Local Sites\ist-363-spotify\app\public\wp-config.php:83) in C:\Users\jason\Local Sites\ist-363-spotify\app\public\wp-includes\pluggable.php on line 1355
[12-May-2022 03:59:33 UTC] PHP Stack trace:
[12-May-2022 03:59:33 UTC] PHP   1. {main}() C:\Users\jason\Local Sites\ist-363-spotify\app\public\index.php:0
[12-May-2022 03:59:33 UTC] PHP   2. require() C:\Users\jason\Local Sites\ist-363-spotify\app\public\index.php:17
[12-May-2022 03:59:33 UTC] PHP   3. require_once() C:\Users\jason\Local Sites\ist-363-spotify\app\public\wp-blog-header.php:19
[12-May-2022 03:59:33 UTC] PHP   4. do_action() C:\Users\jason\Local Sites\ist-363-spotify\app\public\wp-includes\template-loader.php:45
[12-May-2022 03:59:33 UTC] PHP   5. WP_Hook->do_action() C:\Users\jason\Local Sites\ist-363-spotify\app\public\wp-includes\plugin.php:474
[12-May-2022 03:59:33 UTC] PHP   6. WP_Hook->apply_filters() C:\Users\jason\Local Sites\ist-363-spotify\app\public\wp-includes\class-wp-hook.php:331
[12-May-2022 03:59:33 UTC] PHP   7. do_favicon() C:\Users\jason\Local Sites\ist-363-spotify\app\public\wp-includes\class-wp-hook.php:307
[12-May-2022 03:59:33 UTC] PHP   8. wp_redirect() C:\Users\jason\Local Sites\ist-363-spotify\app\public\wp-includes\functions.php:1713
[12-May-2022 03:59:33 UTC] PHP   9. header() C:\Users\jason\Local Sites\ist-363-spotify\app\public\wp-includes\pluggable.php:1355
[12-May-2022 03:59:33 UTC] PHP Warning:  Cannot modify header information - headers already sent by (output started at C:\Users\jason\Local Sites\ist-363-spotify\app\public\wp-config.php:83) in C:\Users\jason\Local Sites\ist-363-spotify\app\public\wp-includes\pluggable.php on line 1358
[12-May-2022 03:59:33 UTC] PHP Stack trace:
[12-May-2022 03:59:33 UTC] PHP   1. {main}() C:\Users\jason\Local Sites\ist-363-spotify\app\public\index.php:0
[12-May-2022 03:59:33 UTC] PHP   2. require() C:\Users\jason\Local Sites\ist-363-spotify\app\public\index.php:17
[12-May-2022 03:59:33 UTC] PHP   3. require_once() C:\Users\jason\Local Sites\ist-363-spotify\app\public\wp-blog-header.php:19
[12-May-2022 03:59:33 UTC] PHP   4. do_action() C:\Users\jason\Local Sites\ist-363-spotify\app\public\wp-includes\template-loader.php:45
[12-May-2022 03:59:33 UTC] PHP   5. WP_Hook->do_action() C:\Users\jason\Local Sites\ist-363-spotify\app\public\wp-includes\plugin.php:474
[12-May-2022 03:59:33 UTC] PHP   6. WP_Hook->apply_filters() C:\Users\jason\Local Sites\ist-363-spotify\app\public\wp-includes\class-wp-hook.php:331
[12-May-2022 03:59:33 UTC] PHP   7. do_favicon() C:\Users\jason\Local Sites\ist-363-spotify\app\public\wp-includes\class-wp-hook.php:307
[12-May-2022 03:59:33 UTC] PHP   8. wp_redirect() C:\Users\jason\Local Sites\ist-363-spotify\app\public\wp-includes\functions.php:1713
[12-May-2022 03:59:33 UTC] PHP   9. header() C:\Users\jason\Local Sites\ist-363-spotify\app\public\wp-includes\pluggable.php:1358
